{"/Users/israel/Documents/GitHub/Utalk-frontend/src/app.js": {"path":"/Users/israel/Documents/GitHub/Utalk-frontend/src/app.js","statementMap":{"0":{"start":{"line":7,"column":16},"end":{"line":7,"column":34}},"1":{"start":{"line":8,"column":13},"end":{"line":8,"column":28}},"2":{"start":{"line":9,"column":15},"end":{"line":9,"column":32}},"3":{"start":{"line":10,"column":15},"end":{"line":10,"column":32}},"4":{"start":{"line":12,"column":15},"end":{"line":12,"column":34}},"5":{"start":{"line":13,"column":60},"end":{"line":13,"column":97}},"6":{"start":{"line":14,"column":51},"end":{"line":14,"column":83}},"7":{"start":{"line":15,"column":29},"end":{"line":15,"column":66}},"8":{"start":{"line":16,"column":27},"end":{"line":16,"column":66}},"9":{"start":{"line":17,"column":15},"end":{"line":17,"column":40}},"10":{"start":{"line":20,"column":12},"end":{"line":20,"column":33}},"11":{"start":{"line":21,"column":0},"end":{"line":21,"column":23}},"12":{"start":{"line":24,"column":0},"end":{"line":24,"column":23}},"13":{"start":{"line":27,"column":21},"end":{"line":27,"column":53}},"14":{"start":{"line":28,"column":23},"end":{"line":28,"column":57}},"15":{"start":{"line":29,"column":20},"end":{"line":29,"column":51}},"16":{"start":{"line":30,"column":22},"end":{"line":30,"column":55}},"17":{"start":{"line":31,"column":18},"end":{"line":31,"column":38}},"18":{"start":{"line":32,"column":24},"end":{"line":32,"column":50}},"19":{"start":{"line":33,"column":24},"end":{"line":33,"column":50}},"20":{"start":{"line":34,"column":23},"end":{"line":34,"column":48}},"21":{"start":{"line":35,"column":20},"end":{"line":35,"column":42}},"22":{"start":{"line":36,"column":21},"end":{"line":36,"column":44}},"23":{"start":{"line":38,"column":12},"end":{"line":38,"column":21}},"24":{"start":{"line":41,"column":0},"end":{"line":43,"column":1}},"25":{"start":{"line":42,"column":2},"end":{"line":42,"column":28}},"26":{"start":{"line":46,"column":0},"end":{"line":46,"column":24}},"27":{"start":{"line":49,"column":0},"end":{"line":64,"column":4}},"28":{"start":{"line":66,"column":0},"end":{"line":66,"column":34}},"29":{"start":{"line":69,"column":0},"end":{"line":69,"column":26}},"30":{"start":{"line":72,"column":0},"end":{"line":72,"column":26}},"31":{"start":{"line":75,"column":0},"end":{"line":83,"column":4}},"32":{"start":{"line":79,"column":4},"end":{"line":81,"column":5}},"33":{"start":{"line":80,"column":6},"end":{"line":80,"column":41}},"34":{"start":{"line":84,"column":0},"end":{"line":84,"column":63}},"35":{"start":{"line":87,"column":0},"end":{"line":87,"column":55}},"36":{"start":{"line":90,"column":0},"end":{"line":96,"column":3}},"37":{"start":{"line":91,"column":2},"end":{"line":95,"column":5}},"38":{"start":{"line":99,"column":0},"end":{"line":99,"column":46}},"39":{"start":{"line":100,"column":0},"end":{"line":100,"column":50}},"40":{"start":{"line":101,"column":0},"end":{"line":101,"column":44}},"41":{"start":{"line":102,"column":0},"end":{"line":102,"column":48}},"42":{"start":{"line":103,"column":0},"end":{"line":103,"column":31}},"43":{"start":{"line":104,"column":0},"end":{"line":104,"column":43}},"44":{"start":{"line":105,"column":0},"end":{"line":105,"column":43}},"45":{"start":{"line":106,"column":0},"end":{"line":106,"column":41}},"46":{"start":{"line":107,"column":0},"end":{"line":107,"column":35}},"47":{"start":{"line":108,"column":0},"end":{"line":108,"column":30}},"48":{"start":{"line":111,"column":0},"end":{"line":118,"column":3}},"49":{"start":{"line":112,"column":2},"end":{"line":117,"column":5}},"50":{"start":{"line":121,"column":0},"end":{"line":121,"column":30}},"51":{"start":{"line":124,"column":0},"end":{"line":124,"column":22}},"52":{"start":{"line":126,"column":0},"end":{"line":126,"column":21}}},"fnMap":{"0":{"name":"(anonymous_0)","decl":{"start":{"line":77,"column":10},"end":{"line":77,"column":11}},"loc":{"start":{"line":77,"column":29},"end":{"line":82,"column":3}},"line":77},"1":{"name":"(anonymous_1)","decl":{"start":{"line":90,"column":19},"end":{"line":90,"column":20}},"loc":{"start":{"line":90,"column":33},"end":{"line":96,"column":1}},"line":90},"2":{"name":"(anonymous_2)","decl":{"start":{"line":111,"column":13},"end":{"line":111,"column":14}},"loc":{"start":{"line":111,"column":27},"end":{"line":118,"column":1}},"line":111}},"branchMap":{"0":{"loc":{"start":{"line":41,"column":0},"end":{"line":43,"column":1}},"type":"if","locations":[{"start":{"line":41,"column":0},"end":{"line":43,"column":1}},{"start":{},"end":{}}],"line":41},"1":{"loc":{"start":{"line":79,"column":4},"end":{"line":81,"column":5}},"type":"if","locations":[{"start":{"line":79,"column":4},"end":{"line":81,"column":5}},{"start":{},"end":{}}],"line":79},"2":{"loc":{"start":{"line":79,"column":8},"end":{"line":79,"column":63}},"type":"binary-expr","locations":[{"start":{"line":79,"column":8},"end":{"line":79,"column":23}},{"start":{"line":79,"column":27},"end":{"line":79,"column":63}}],"line":79}},"s":{"0":0,"1":0,"2":0,"3":0,"4":0,"5":0,"6":0,"7":0,"8":0,"9":0,"10":0,"11":0,"12":0,"13":0,"14":0,"15":0,"16":0,"17":0,"18":0,"19":0,"20":0,"21":0,"22":0,"23":0,"24":0,"25":0,"26":0,"27":0,"28":0,"29":0,"30":0,"31":0,"32":0,"33":0,"34":0,"35":0,"36":0,"37":0,"38":0,"39":0,"40":0,"41":0,"42":0,"43":0,"44":0,"45":0,"46":0,"47":0,"48":0,"49":0,"50":0,"51":0,"52":0},"f":{"0":0,"1":0,"2":0},"b":{"0":[0,0],"1":[0,0],"2":[0,0]}}
,"/Users/israel/Documents/GitHub/Utalk-frontend/src/config.js": {"path":"/Users/israel/Documents/GitHub/Utalk-frontend/src/config.js","statementMap":{"0":{"start":{"line":7,"column":0},"end":{"line":7,"column":27}},"1":{"start":{"line":9,"column":0},"end":{"line":96,"column":2}},"2":{"start":{"line":17,"column":31},"end":{"line":19,"column":87}},"3":{"start":{"line":18,"column":56},"end":{"line":18,"column":64}},"4":{"start":{"line":22,"column":8},"end":{"line":24,"column":9}},"5":{"start":{"line":23,"column":10},"end":{"line":23,"column":38}},"6":{"start":{"line":26,"column":8},"end":{"line":30,"column":9}},"7":{"start":{"line":27,"column":10},"end":{"line":27,"column":31}},"8":{"start":{"line":29,"column":10},"end":{"line":29,"column":53}}},"fnMap":{"0":{"name":"(anonymous_0)","decl":{"start":{"line":15,"column":14},"end":{"line":15,"column":15}},"loc":{"start":{"line":15,"column":42},"end":{"line":31,"column":7}},"line":15},"1":{"name":"(anonymous_1)","decl":{"start":{"line":18,"column":51},"end":{"line":18,"column":52}},"loc":{"start":{"line":18,"column":56},"end":{"line":18,"column":64}},"line":18}},"branchMap":{"0":{"loc":{"start":{"line":12,"column":10},"end":{"line":12,"column":34}},"type":"binary-expr","locations":[{"start":{"line":12,"column":10},"end":{"line":12,"column":26}},{"start":{"line":12,"column":30},"end":{"line":12,"column":34}}],"line":12},"1":{"loc":{"start":{"line":13,"column":9},"end":{"line":13,"column":46}},"type":"binary-expr","locations":[{"start":{"line":13,"column":9},"end":{"line":13,"column":29}},{"start":{"line":13,"column":33},"end":{"line":13,"column":46}}],"line":13},"2":{"loc":{"start":{"line":17,"column":31},"end":{"line":19,"column":87}},"type":"cond-expr","locations":[{"start":{"line":18,"column":12},"end":{"line":18,"column":65}},{"start":{"line":19,"column":12},"end":{"line":19,"column":87}}],"line":17},"3":{"loc":{"start":{"line":22,"column":8},"end":{"line":24,"column":9}},"type":"if","locations":[{"start":{"line":22,"column":8},"end":{"line":24,"column":9}},{"start":{},"end":{}}],"line":22},"4":{"loc":{"start":{"line":22,"column":12},"end":{"line":22,"column":61}},"type":"binary-expr","locations":[{"start":{"line":22,"column":12},"end":{"line":22,"column":19}},{"start":{"line":22,"column":23},"end":{"line":22,"column":61}}],"line":22},"5":{"loc":{"start":{"line":26,"column":8},"end":{"line":30,"column":9}},"type":"if","locations":[{"start":{"line":26,"column":8},"end":{"line":30,"column":9}},{"start":{"line":28,"column":15},"end":{"line":30,"column":9}}],"line":26},"6":{"loc":{"start":{"line":73,"column":11},"end":{"line":73,"column":42}},"type":"binary-expr","locations":[{"start":{"line":73,"column":11},"end":{"line":73,"column":32}},{"start":{"line":73,"column":36},"end":{"line":73,"column":42}}],"line":73},"7":{"loc":{"start":{"line":74,"column":10},"end":{"line":74,"column":50}},"type":"binary-expr","locations":[{"start":{"line":74,"column":10},"end":{"line":74,"column":30}},{"start":{"line":74,"column":34},"end":{"line":74,"column":50}}],"line":74},"8":{"loc":{"start":{"line":79,"column":12},"end":{"line":79,"column":86}},"type":"binary-expr","locations":[{"start":{"line":79,"column":12},"end":{"line":79,"column":34}},{"start":{"line":79,"column":38},"end":{"line":79,"column":86}}],"line":79},"9":{"loc":{"start":{"line":80,"column":15},"end":{"line":80,"column":50}},"type":"binary-expr","locations":[{"start":{"line":80,"column":15},"end":{"line":80,"column":41}},{"start":{"line":80,"column":45},"end":{"line":80,"column":50}}],"line":80},"10":{"loc":{"start":{"line":81,"column":12},"end":{"line":81,"column":59}},"type":"binary-expr","locations":[{"start":{"line":81,"column":12},"end":{"line":81,"column":34}},{"start":{"line":81,"column":38},"end":{"line":81,"column":59}}],"line":81},"11":{"loc":{"start":{"line":82,"column":14},"end":{"line":82,"column":61}},"type":"binary-expr","locations":[{"start":{"line":82,"column":14},"end":{"line":82,"column":38}},{"start":{"line":82,"column":42},"end":{"line":82,"column":61}}],"line":82},"12":{"loc":{"start":{"line":85,"column":24},"end":{"line":85,"column":110}},"type":"binary-expr","locations":[{"start":{"line":85,"column":24},"end":{"line":85,"column":54}},{"start":{"line":85,"column":58},"end":{"line":85,"column":110}}],"line":85},"13":{"loc":{"start":{"line":86,"column":26},"end":{"line":86,"column":74}},"type":"binary-expr","locations":[{"start":{"line":86,"column":26},"end":{"line":86,"column":65}},{"start":{"line":86,"column":69},"end":{"line":86,"column":74}}],"line":86},"14":{"loc":{"start":{"line":87,"column":27},"end":{"line":87,"column":75}},"type":"binary-expr","locations":[{"start":{"line":87,"column":27},"end":{"line":87,"column":67}},{"start":{"line":87,"column":71},"end":{"line":87,"column":75}}],"line":87},"15":{"loc":{"start":{"line":92,"column":19},"end":{"line":92,"column":74}},"type":"binary-expr","locations":[{"start":{"line":92,"column":19},"end":{"line":92,"column":45}},{"start":{"line":92,"column":49},"end":{"line":92,"column":74}}],"line":92},"16":{"loc":{"start":{"line":93,"column":23},"end":{"line":93,"column":65}},"type":"binary-expr","locations":[{"start":{"line":93,"column":23},"end":{"line":93,"column":55}},{"start":{"line":93,"column":59},"end":{"line":93,"column":65}}],"line":93},"17":{"loc":{"start":{"line":94,"column":26},"end":{"line":94,"column":68}},"type":"binary-expr","locations":[{"start":{"line":94,"column":26},"end":{"line":94,"column":61}},{"start":{"line":94,"column":65},"end":{"line":94,"column":68}}],"line":94}},"s":{"0":1,"1":1,"2":0,"3":0,"4":0,"5":0,"6":0,"7":0,"8":0},"f":{"0":0,"1":0},"b":{"0":[1,0],"1":[1,0],"2":[0,0],"3":[0,0],"4":[0,0],"5":[0,0],"6":[1,0],"7":[1,1],"8":[1,0],"9":[1,0],"10":[1,0],"11":[1,0],"12":[1,0],"13":[1,0],"14":[1,0],"15":[1,1],"16":[1,1],"17":[1,1]},"_coverageSchema":"1a1c01bbd47fc00a2c39e90264f33305004495a9","hash":"d66c5874e3595a9e7877d32afc9cd01e050673e1"}
,"/Users/israel/Documents/GitHub/Utalk-frontend/src/api/campaigns.js": {"path":"/Users/israel/Documents/GitHub/Utalk-frontend/src/api/campaigns.js","statementMap":{"0":{"start":{"line":13,"column":16},"end":{"line":13,"column":34}},"1":{"start":{"line":14,"column":15},"end":{"line":14,"column":31}},"2":{"start":{"line":15,"column":15},"end":{"line":15,"column":41}},"3":{"start":{"line":16,"column":55},"end":{"line":16,"column":85}},"4":{"start":{"line":19,"column":0},"end":{"line":25,"column":3}},"5":{"start":{"line":20,"column":2},"end":{"line":23,"column":5}},"6":{"start":{"line":24,"column":2},"end":{"line":24,"column":9}},"7":{"start":{"line":33,"column":0},"end":{"line":50,"column":3}},"8":{"start":{"line":34,"column":2},"end":{"line":49,"column":5}},"9":{"start":{"line":57,"column":0},"end":{"line":92,"column":3}},"10":{"start":{"line":58,"column":2},"end":{"line":91,"column":5}},"11":{"start":{"line":99,"column":0},"end":{"line":119,"column":3}},"12":{"start":{"line":100,"column":2},"end":{"line":118,"column":5}},"13":{"start":{"line":126,"column":0},"end":{"line":137,"column":3}},"14":{"start":{"line":127,"column":2},"end":{"line":136,"column":5}},"15":{"start":{"line":144,"column":0},"end":{"line":156,"column":3}},"16":{"start":{"line":145,"column":2},"end":{"line":155,"column":5}},"17":{"start":{"line":163,"column":0},"end":{"line":168,"column":3}},"18":{"start":{"line":164,"column":2},"end":{"line":167,"column":5}},"19":{"start":{"line":175,"column":0},"end":{"line":180,"column":3}},"20":{"start":{"line":176,"column":2},"end":{"line":179,"column":5}},"21":{"start":{"line":187,"column":0},"end":{"line":200,"column":3}},"22":{"start":{"line":188,"column":2},"end":{"line":199,"column":5}},"23":{"start":{"line":207,"column":0},"end":{"line":219,"column":3}},"24":{"start":{"line":208,"column":2},"end":{"line":218,"column":5}},"25":{"start":{"line":225,"column":0},"end":{"line":242,"column":3}},"26":{"start":{"line":226,"column":2},"end":{"line":241,"column":5}},"27":{"start":{"line":244,"column":0},"end":{"line":244,"column":24}}},"fnMap":{"0":{"name":"(anonymous_0)","decl":{"start":{"line":19,"column":11},"end":{"line":19,"column":12}},"loc":{"start":{"line":19,"column":31},"end":{"line":25,"column":1}},"line":19},"1":{"name":"(anonymous_1)","decl":{"start":{"line":33,"column":76},"end":{"line":33,"column":77}},"loc":{"start":{"line":33,"column":90},"end":{"line":50,"column":1}},"line":33},"2":{"name":"(anonymous_2)","decl":{"start":{"line":57,"column":26},"end":{"line":57,"column":27}},"loc":{"start":{"line":57,"column":40},"end":{"line":92,"column":1}},"line":57},"3":{"name":"(anonymous_3)","decl":{"start":{"line":99,"column":37},"end":{"line":99,"column":38}},"loc":{"start":{"line":99,"column":51},"end":{"line":119,"column":1}},"line":99},"4":{"name":"(anonymous_4)","decl":{"start":{"line":126,"column":37},"end":{"line":126,"column":38}},"loc":{"start":{"line":126,"column":51},"end":{"line":137,"column":1}},"line":126},"5":{"name":"(anonymous_5)","decl":{"start":{"line":144,"column":43},"end":{"line":144,"column":44}},"loc":{"start":{"line":144,"column":57},"end":{"line":156,"column":1}},"line":144},"6":{"name":"(anonymous_6)","decl":{"start":{"line":163,"column":44},"end":{"line":163,"column":45}},"loc":{"start":{"line":163,"column":58},"end":{"line":168,"column":1}},"line":163},"7":{"name":"(anonymous_7)","decl":{"start":{"line":175,"column":45},"end":{"line":175,"column":46}},"loc":{"start":{"line":175,"column":59},"end":{"line":180,"column":1}},"line":175},"8":{"name":"(anonymous_8)","decl":{"start":{"line":187,"column":47},"end":{"line":187,"column":48}},"loc":{"start":{"line":187,"column":61},"end":{"line":200,"column":1}},"line":187},"9":{"name":"(anonymous_9)","decl":{"start":{"line":207,"column":25},"end":{"line":207,"column":26}},"loc":{"start":{"line":207,"column":39},"end":{"line":219,"column":1}},"line":207},"10":{"name":"(anonymous_10)","decl":{"start":{"line":225,"column":22},"end":{"line":225,"column":23}},"loc":{"start":{"line":225,"column":36},"end":{"line":242,"column":1}},"line":225}},"branchMap":{},"s":{"0":0,"1":0,"2":0,"3":0,"4":0,"5":0,"6":0,"7":0,"8":0,"9":0,"10":0,"11":0,"12":0,"13":0,"14":0,"15":0,"16":0,"17":0,"18":0,"19":0,"20":0,"21":0,"22":0,"23":0,"24":0,"25":0,"26":0,"27":0},"f":{"0":0,"1":0,"2":0,"3":0,"4":0,"5":0,"6":0,"7":0,"8":0,"9":0,"10":0},"b":{}}
,"/Users/israel/Documents/GitHub/Utalk-frontend/src/api/crm.js": {"path":"/Users/israel/Documents/GitHub/Utalk-frontend/src/api/crm.js","statementMap":{"0":{"start":{"line":13,"column":16},"end":{"line":13,"column":34}},"1":{"start":{"line":14,"column":15},"end":{"line":14,"column":31}},"2":{"start":{"line":15,"column":15},"end":{"line":15,"column":41}},"3":{"start":{"line":16,"column":55},"end":{"line":16,"column":85}},"4":{"start":{"line":19,"column":0},"end":{"line":25,"column":3}},"5":{"start":{"line":20,"column":2},"end":{"line":23,"column":5}},"6":{"start":{"line":24,"column":2},"end":{"line":24,"column":9}},"7":{"start":{"line":33,"column":0},"end":{"line":52,"column":3}},"8":{"start":{"line":34,"column":2},"end":{"line":51,"column":5}},"9":{"start":{"line":59,"column":0},"end":{"line":73,"column":3}},"10":{"start":{"line":60,"column":2},"end":{"line":72,"column":5}},"11":{"start":{"line":80,"column":0},"end":{"line":99,"column":3}},"12":{"start":{"line":81,"column":2},"end":{"line":98,"column":5}},"13":{"start":{"line":106,"column":0},"end":{"line":117,"column":3}},"14":{"start":{"line":107,"column":2},"end":{"line":116,"column":5}},"15":{"start":{"line":124,"column":0},"end":{"line":135,"column":3}},"16":{"start":{"line":125,"column":2},"end":{"line":134,"column":5}},"17":{"start":{"line":142,"column":0},"end":{"line":159,"column":3}},"18":{"start":{"line":143,"column":2},"end":{"line":158,"column":5}},"19":{"start":{"line":166,"column":0},"end":{"line":180,"column":3}},"20":{"start":{"line":167,"column":2},"end":{"line":179,"column":5}},"21":{"start":{"line":186,"column":0},"end":{"line":202,"column":3}},"22":{"start":{"line":187,"column":2},"end":{"line":201,"column":5}},"23":{"start":{"line":204,"column":0},"end":{"line":204,"column":24}}},"fnMap":{"0":{"name":"(anonymous_0)","decl":{"start":{"line":19,"column":11},"end":{"line":19,"column":12}},"loc":{"start":{"line":19,"column":31},"end":{"line":25,"column":1}},"line":19},"1":{"name":"(anonymous_1)","decl":{"start":{"line":33,"column":68},"end":{"line":33,"column":69}},"loc":{"start":{"line":33,"column":82},"end":{"line":52,"column":1}},"line":33},"2":{"name":"(anonymous_2)","decl":{"start":{"line":59,"column":33},"end":{"line":59,"column":34}},"loc":{"start":{"line":59,"column":47},"end":{"line":73,"column":1}},"line":59},"3":{"name":"(anonymous_3)","decl":{"start":{"line":80,"column":33},"end":{"line":80,"column":34}},"loc":{"start":{"line":80,"column":47},"end":{"line":99,"column":1}},"line":80},"4":{"name":"(anonymous_4)","decl":{"start":{"line":106,"column":40},"end":{"line":106,"column":41}},"loc":{"start":{"line":106,"column":54},"end":{"line":117,"column":1}},"line":106},"5":{"name":"(anonymous_5)","decl":{"start":{"line":124,"column":47},"end":{"line":124,"column":48}},"loc":{"start":{"line":124,"column":61},"end":{"line":135,"column":1}},"line":124},"6":{"name":"(anonymous_6)","decl":{"start":{"line":142,"column":24},"end":{"line":142,"column":25}},"loc":{"start":{"line":142,"column":38},"end":{"line":159,"column":1}},"line":142},"7":{"name":"(anonymous_7)","decl":{"start":{"line":166,"column":25},"end":{"line":166,"column":26}},"loc":{"start":{"line":166,"column":39},"end":{"line":180,"column":1}},"line":166},"8":{"name":"(anonymous_8)","decl":{"start":{"line":186,"column":22},"end":{"line":186,"column":23}},"loc":{"start":{"line":186,"column":36},"end":{"line":202,"column":1}},"line":186}},"branchMap":{},"s":{"0":0,"1":0,"2":0,"3":0,"4":0,"5":0,"6":0,"7":0,"8":0,"9":0,"10":0,"11":0,"12":0,"13":0,"14":0,"15":0,"16":0,"17":0,"18":0,"19":0,"20":0,"21":0,"22":0,"23":0},"f":{"0":0,"1":0,"2":0,"3":0,"4":0,"5":0,"6":0,"7":0,"8":0},"b":{}}
,"/Users/israel/Documents/GitHub/Utalk-frontend/src/api/dashboard.js": {"path":"/Users/israel/Documents/GitHub/Utalk-frontend/src/api/dashboard.js","statementMap":{"0":{"start":{"line":13,"column":16},"end":{"line":13,"column":34}},"1":{"start":{"line":14,"column":15},"end":{"line":14,"column":31}},"2":{"start":{"line":15,"column":15},"end":{"line":15,"column":41}},"3":{"start":{"line":16,"column":55},"end":{"line":16,"column":85}},"4":{"start":{"line":19,"column":0},"end":{"line":25,"column":3}},"5":{"start":{"line":20,"column":2},"end":{"line":23,"column":5}},"6":{"start":{"line":24,"column":2},"end":{"line":24,"column":9}},"7":{"start":{"line":33,"column":0},"end":{"line":49,"column":3}},"8":{"start":{"line":34,"column":2},"end":{"line":48,"column":5}},"9":{"start":{"line":56,"column":0},"end":{"line":79,"column":3}},"10":{"start":{"line":57,"column":2},"end":{"line":78,"column":5}},"11":{"start":{"line":86,"column":0},"end":{"line":110,"column":3}},"12":{"start":{"line":87,"column":2},"end":{"line":109,"column":5}},"13":{"start":{"line":117,"column":0},"end":{"line":146,"column":3}},"14":{"start":{"line":118,"column":2},"end":{"line":145,"column":5}},"15":{"start":{"line":153,"column":0},"end":{"line":166,"column":3}},"16":{"start":{"line":154,"column":2},"end":{"line":165,"column":5}},"17":{"start":{"line":173,"column":0},"end":{"line":191,"column":3}},"18":{"start":{"line":174,"column":2},"end":{"line":190,"column":5}},"19":{"start":{"line":198,"column":0},"end":{"line":217,"column":3}},"20":{"start":{"line":199,"column":2},"end":{"line":216,"column":5}},"21":{"start":{"line":224,"column":0},"end":{"line":241,"column":3}},"22":{"start":{"line":225,"column":2},"end":{"line":240,"column":5}},"23":{"start":{"line":247,"column":0},"end":{"line":264,"column":3}},"24":{"start":{"line":248,"column":2},"end":{"line":263,"column":5}},"25":{"start":{"line":266,"column":0},"end":{"line":266,"column":24}}},"fnMap":{"0":{"name":"(anonymous_0)","decl":{"start":{"line":19,"column":11},"end":{"line":19,"column":12}},"loc":{"start":{"line":19,"column":31},"end":{"line":25,"column":1}},"line":19},"1":{"name":"(anonymous_1)","decl":{"start":{"line":33,"column":75},"end":{"line":33,"column":76}},"loc":{"start":{"line":33,"column":89},"end":{"line":49,"column":1}},"line":33},"2":{"name":"(anonymous_2)","decl":{"start":{"line":56,"column":37},"end":{"line":56,"column":38}},"loc":{"start":{"line":56,"column":51},"end":{"line":79,"column":1}},"line":56},"3":{"name":"(anonymous_3)","decl":{"start":{"line":86,"column":34},"end":{"line":86,"column":35}},"loc":{"start":{"line":86,"column":48},"end":{"line":110,"column":1}},"line":86},"4":{"name":"(anonymous_4)","decl":{"start":{"line":117,"column":34},"end":{"line":117,"column":35}},"loc":{"start":{"line":117,"column":48},"end":{"line":146,"column":1}},"line":117},"5":{"name":"(anonymous_5)","decl":{"start":{"line":153,"column":24},"end":{"line":153,"column":25}},"loc":{"start":{"line":153,"column":38},"end":{"line":166,"column":1}},"line":153},"6":{"name":"(anonymous_6)","decl":{"start":{"line":173,"column":23},"end":{"line":173,"column":24}},"loc":{"start":{"line":173,"column":37},"end":{"line":191,"column":1}},"line":173},"7":{"name":"(anonymous_7)","decl":{"start":{"line":198,"column":33},"end":{"line":198,"column":34}},"loc":{"start":{"line":198,"column":47},"end":{"line":217,"column":1}},"line":198},"8":{"name":"(anonymous_8)","decl":{"start":{"line":224,"column":20},"end":{"line":224,"column":21}},"loc":{"start":{"line":224,"column":34},"end":{"line":241,"column":1}},"line":224},"9":{"name":"(anonymous_9)","decl":{"start":{"line":247,"column":22},"end":{"line":247,"column":23}},"loc":{"start":{"line":247,"column":36},"end":{"line":264,"column":1}},"line":247}},"branchMap":{},"s":{"0":0,"1":0,"2":0,"3":0,"4":0,"5":0,"6":0,"7":0,"8":0,"9":0,"10":0,"11":0,"12":0,"13":0,"14":0,"15":0,"16":0,"17":0,"18":0,"19":0,"20":0,"21":0,"22":0,"23":0,"24":0,"25":0},"f":{"0":0,"1":0,"2":0,"3":0,"4":0,"5":0,"6":0,"7":0,"8":0,"9":0},"b":{}}
,"/Users/israel/Documents/GitHub/Utalk-frontend/src/api/health.js": {"path":"/Users/israel/Documents/GitHub/Utalk-frontend/src/api/health.js","statementMap":{"0":{"start":{"line":7,"column":16},"end":{"line":7,"column":34}},"1":{"start":{"line":8,"column":15},"end":{"line":8,"column":31}},"2":{"start":{"line":9,"column":15},"end":{"line":9,"column":41}},"3":{"start":{"line":10,"column":15},"end":{"line":10,"column":35}},"4":{"start":{"line":11,"column":36},"end":{"line":11,"column":66}},"5":{"start":{"line":12,"column":28},"end":{"line":12,"column":70}},"6":{"start":{"line":18,"column":0},"end":{"line":26,"column":3}},"7":{"start":{"line":19,"column":2},"end":{"line":25,"column":5}},"8":{"start":{"line":32,"column":0},"end":{"line":107,"column":3}},"9":{"start":{"line":33,"column":20},"end":{"line":33,"column":30}},"10":{"start":{"line":34,"column":23},"end":{"line":43,"column":3}},"11":{"start":{"line":45,"column":2},"end":{"line":106,"column":3}},"12":{"start":{"line":47,"column":27},"end":{"line":47,"column":54}},"13":{"start":{"line":48,"column":4},"end":{"line":48,"column":50}},"14":{"start":{"line":51,"column":25},"end":{"line":51,"column":50}},"15":{"start":{"line":52,"column":4},"end":{"line":52,"column":46}},"16":{"start":{"line":55,"column":24},"end":{"line":55,"column":54}},"17":{"start":{"line":56,"column":4},"end":{"line":56,"column":45}},"18":{"start":{"line":59,"column":25},"end":{"line":59,"column":44}},"19":{"start":{"line":60,"column":4},"end":{"line":60,"column":46}},"20":{"start":{"line":63,"column":23},"end":{"line":63,"column":40}},"21":{"start":{"line":64,"column":4},"end":{"line":64,"column":42}},"22":{"start":{"line":67,"column":4},"end":{"line":67,"column":52}},"23":{"start":{"line":70,"column":22},"end":{"line":70,"column":56}},"24":{"start":{"line":71,"column":25},"end":{"line":71,"column":73}},"25":{"start":{"line":71,"column":51},"end":{"line":71,"column":72}},"26":{"start":{"line":73,"column":4},"end":{"line":76,"column":5}},"27":{"start":{"line":74,"column":6},"end":{"line":74,"column":39}},"28":{"start":{"line":75,"column":6},"end":{"line":75,"column":83}},"29":{"start":{"line":75,"column":54},"end":{"line":75,"column":65}},"30":{"start":{"line":79,"column":27},"end":{"line":79,"column":71}},"31":{"start":{"line":79,"column":56},"end":{"line":79,"column":70}},"32":{"start":{"line":80,"column":4},"end":{"line":82,"column":5}},"33":{"start":{"line":81,"column":6},"end":{"line":81,"column":35}},"34":{"start":{"line":84,"column":4},"end":{"line":84,"column":55}},"35":{"start":{"line":86,"column":4},"end":{"line":91,"column":7}},"36":{"start":{"line":93,"column":23},"end":{"line":94,"column":68}},"37":{"start":{"line":96,"column":4},"end":{"line":96,"column":46}},"38":{"start":{"line":99,"column":4},"end":{"line":99,"column":47}},"39":{"start":{"line":101,"column":4},"end":{"line":101,"column":33}},"40":{"start":{"line":102,"column":4},"end":{"line":102,"column":42}},"41":{"start":{"line":103,"column":4},"end":{"line":103,"column":55}},"42":{"start":{"line":105,"column":4},"end":{"line":105,"column":39}},"43":{"start":{"line":113,"column":0},"end":{"line":125,"column":3}},"44":{"start":{"line":114,"column":2},"end":{"line":124,"column":3}},"45":{"start":{"line":115,"column":27},"end":{"line":115,"column":54}},"46":{"start":{"line":116,"column":4},"end":{"line":116,"column":29}},"47":{"start":{"line":118,"column":4},"end":{"line":118,"column":56}},"48":{"start":{"line":119,"column":4},"end":{"line":123,"column":7}},"49":{"start":{"line":131,"column":0},"end":{"line":143,"column":3}},"50":{"start":{"line":132,"column":2},"end":{"line":142,"column":3}},"51":{"start":{"line":133,"column":25},"end":{"line":133,"column":50}},"52":{"start":{"line":134,"column":4},"end":{"line":134,"column":27}},"53":{"start":{"line":136,"column":4},"end":{"line":136,"column":54}},"54":{"start":{"line":137,"column":4},"end":{"line":141,"column":7}},"55":{"start":{"line":149,"column":0},"end":{"line":161,"column":3}},"56":{"start":{"line":150,"column":2},"end":{"line":160,"column":3}},"57":{"start":{"line":151,"column":24},"end":{"line":151,"column":54}},"58":{"start":{"line":152,"column":4},"end":{"line":152,"column":26}},"59":{"start":{"line":154,"column":4},"end":{"line":154,"column":60}},"60":{"start":{"line":155,"column":4},"end":{"line":159,"column":7}},"61":{"start":{"line":167,"column":20},"end":{"line":167,"column":30}},"62":{"start":{"line":169,"column":2},"end":{"line":211,"column":3}},"63":{"start":{"line":170,"column":18},"end":{"line":170,"column":43}},"64":{"start":{"line":171,"column":15},"end":{"line":171,"column":32}},"65":{"start":{"line":174,"column":20},"end":{"line":174,"column":62}},"66":{"start":{"line":175,"column":4},"end":{"line":178,"column":7}},"67":{"start":{"line":181,"column":16},"end":{"line":181,"column":35}},"68":{"start":{"line":182,"column":4},"end":{"line":184,"column":5}},"69":{"start":{"line":183,"column":6},"end":{"line":183,"column":54}},"70":{"start":{"line":187,"column":4},"end":{"line":187,"column":27}},"71":{"start":{"line":189,"column":25},"end":{"line":189,"column":47}},"72":{"start":{"line":191,"column":4},"end":{"line":201,"column":6}},"73":{"start":{"line":204,"column":4},"end":{"line":210,"column":6}},"74":{"start":{"line":218,"column":20},"end":{"line":218,"column":30}},"75":{"start":{"line":220,"column":2},"end":{"line":269,"column":3}},"76":{"start":{"line":221,"column":19},"end":{"line":221,"column":36}},"77":{"start":{"line":222,"column":19},"end":{"line":222,"column":76}},"78":{"start":{"line":225,"column":20},"end":{"line":225,"column":79}},"79":{"start":{"line":228,"column":18},"end":{"line":228,"column":22}},"80":{"start":{"line":229,"column":4},"end":{"line":234,"column":5}},"81":{"start":{"line":230,"column":26},"end":{"line":230,"column":93}},"82":{"start":{"line":231,"column":6},"end":{"line":231,"column":36}},"83":{"start":{"line":237,"column":22},"end":{"line":237,"column":26}},"84":{"start":{"line":238,"column":4},"end":{"line":243,"column":5}},"85":{"start":{"line":239,"column":22},"end":{"line":239,"column":74}},"86":{"start":{"line":240,"column":6},"end":{"line":240,"column":71}},"87":{"start":{"line":245,"column":25},"end":{"line":245,"column":47}},"88":{"start":{"line":247,"column":4},"end":{"line":259,"column":6}},"89":{"start":{"line":262,"column":4},"end":{"line":268,"column":6}},"90":{"start":{"line":276,"column":2},"end":{"line":303,"column":3}},"91":{"start":{"line":277,"column":18},"end":{"line":277,"column":59}},"92":{"start":{"line":280,"column":29},"end":{"line":280,"column":103}},"93":{"start":{"line":281,"column":22},"end":{"line":281,"column":44}},"94":{"start":{"line":283,"column":4},"end":{"line":293,"column":6}},"95":{"start":{"line":296,"column":4},"end":{"line":302,"column":6}},"96":{"start":{"line":310,"column":22},"end":{"line":310,"column":43}},"97":{"start":{"line":311,"column":19},"end":{"line":311,"column":37}},"98":{"start":{"line":314,"column":19},"end":{"line":319,"column":3}},"99":{"start":{"line":322,"column":24},"end":{"line":322,"column":47}},"100":{"start":{"line":323,"column":22},"end":{"line":323,"column":46}},"101":{"start":{"line":325,"column":15},"end":{"line":325,"column":19}},"102":{"start":{"line":326,"column":17},"end":{"line":326,"column":19}},"103":{"start":{"line":328,"column":2},"end":{"line":334,"column":3}},"104":{"start":{"line":329,"column":4},"end":{"line":329,"column":24}},"105":{"start":{"line":330,"column":4},"end":{"line":330,"column":53}},"106":{"start":{"line":331,"column":9},"end":{"line":334,"column":3}},"107":{"start":{"line":332,"column":4},"end":{"line":332,"column":23}},"108":{"start":{"line":333,"column":4},"end":{"line":333,"column":42}},"109":{"start":{"line":336,"column":2},"end":{"line":345,"column":4}},"110":{"start":{"line":352,"column":13},"end":{"line":352,"column":26}},"111":{"start":{"line":353,"column":15},"end":{"line":353,"column":30}},"112":{"start":{"line":355,"column":2},"end":{"line":393,"column":3}},"113":{"start":{"line":356,"column":20},"end":{"line":356,"column":52}},"114":{"start":{"line":357,"column":21},"end":{"line":357,"column":50}},"115":{"start":{"line":359,"column":22},"end":{"line":359,"column":24}},"116":{"start":{"line":360,"column":20},"end":{"line":360,"column":21}},"117":{"start":{"line":362,"column":4},"end":{"line":372,"column":5}},"118":{"start":{"line":363,"column":23},"end":{"line":363,"column":47}},"119":{"start":{"line":364,"column":6},"end":{"line":371,"column":7}},"120":{"start":{"line":365,"column":22},"end":{"line":365,"column":43}},"121":{"start":{"line":366,"column":8},"end":{"line":369,"column":10}},"122":{"start":{"line":370,"column":8},"end":{"line":370,"column":32}},"123":{"start":{"line":374,"column":24},"end":{"line":374,"column":59}},"124":{"start":{"line":375,"column":24},"end":{"line":375,"column":41}},"125":{"start":{"line":377,"column":4},"end":{"line":384,"column":6}},"126":{"start":{"line":387,"column":4},"end":{"line":392,"column":6}},"127":{"start":{"line":400,"column":2},"end":{"line":437,"column":3}},"128":{"start":{"line":401,"column":18},"end":{"line":401,"column":43}},"129":{"start":{"line":402,"column":15},"end":{"line":402,"column":32}},"130":{"start":{"line":405,"column":24},"end":{"line":405,"column":90}},"131":{"start":{"line":406,"column":19},"end":{"line":406,"column":21}},"132":{"start":{"line":408,"column":4},"end":{"line":415,"column":5}},"133":{"start":{"line":409,"column":6},"end":{"line":414,"column":7}},"134":{"start":{"line":410,"column":25},"end":{"line":410,"column":70}},"135":{"start":{"line":411,"column":8},"end":{"line":411,"column":51}},"136":{"start":{"line":413,"column":8},"end":{"line":413,"column":35}},"137":{"start":{"line":418,"column":23},"end":{"line":418,"column":64}},"138":{"start":{"line":420,"column":4},"end":{"line":429,"column":6}},"139":{"start":{"line":432,"column":4},"end":{"line":432,"column":56}},"140":{"start":{"line":433,"column":4},"end":{"line":436,"column":6}},"141":{"start":{"line":444,"column":0},"end":{"line":460,"column":3}},"142":{"start":{"line":445,"column":2},"end":{"line":459,"column":3}},"143":{"start":{"line":446,"column":20},"end":{"line":446,"column":44}},"144":{"start":{"line":447,"column":4},"end":{"line":451,"column":7}},"145":{"start":{"line":453,"column":4},"end":{"line":453,"column":49}},"146":{"start":{"line":454,"column":4},"end":{"line":458,"column":7}},"147":{"start":{"line":462,"column":0},"end":{"line":462,"column":24}}},"fnMap":{"0":{"name":"(anonymous_0)","decl":{"start":{"line":18,"column":22},"end":{"line":18,"column":23}},"loc":{"start":{"line":18,"column":36},"end":{"line":26,"column":1}},"line":18},"1":{"name":"(anonymous_1)","decl":{"start":{"line":32,"column":65},"end":{"line":32,"column":66}},"loc":{"start":{"line":32,"column":85},"end":{"line":107,"column":1}},"line":32},"2":{"name":"(anonymous_2)","decl":{"start":{"line":71,"column":42},"end":{"line":71,"column":43}},"loc":{"start":{"line":71,"column":51},"end":{"line":71,"column":72}},"line":71},"3":{"name":"(anonymous_3)","decl":{"start":{"line":75,"column":45},"end":{"line":75,"column":46}},"loc":{"start":{"line":75,"column":54},"end":{"line":75,"column":65}},"line":75},"4":{"name":"(anonymous_4)","decl":{"start":{"line":79,"column":47},"end":{"line":79,"column":48}},"loc":{"start":{"line":79,"column":56},"end":{"line":79,"column":70}},"line":79},"5":{"name":"(anonymous_5)","decl":{"start":{"line":113,"column":65},"end":{"line":113,"column":66}},"loc":{"start":{"line":113,"column":85},"end":{"line":125,"column":1}},"line":113},"6":{"name":"(anonymous_6)","decl":{"start":{"line":131,"column":63},"end":{"line":131,"column":64}},"loc":{"start":{"line":131,"column":83},"end":{"line":143,"column":1}},"line":131},"7":{"name":"(anonymous_7)","decl":{"start":{"line":149,"column":63},"end":{"line":149,"column":64}},"loc":{"start":{"line":149,"column":83},"end":{"line":161,"column":1}},"line":149},"8":{"name":"checkFirebaseHealth","decl":{"start":{"line":166,"column":15},"end":{"line":166,"column":34}},"loc":{"start":{"line":166,"column":37},"end":{"line":212,"column":1}},"line":166},"9":{"name":"checkTwilioHealth","decl":{"start":{"line":217,"column":15},"end":{"line":217,"column":32}},"loc":{"start":{"line":217,"column":35},"end":{"line":270,"column":1}},"line":217},"10":{"name":"checkTokenSystemHealth","decl":{"start":{"line":275,"column":15},"end":{"line":275,"column":37}},"loc":{"start":{"line":275,"column":40},"end":{"line":304,"column":1}},"line":275},"11":{"name":"checkSystemHealth","decl":{"start":{"line":309,"column":9},"end":{"line":309,"column":26}},"loc":{"start":{"line":309,"column":29},"end":{"line":346,"column":1}},"line":309},"12":{"name":"checkLogsHealth","decl":{"start":{"line":351,"column":9},"end":{"line":351,"column":24}},"loc":{"start":{"line":351,"column":27},"end":{"line":394,"column":1}},"line":351},"13":{"name":"getSystemMetrics","decl":{"start":{"line":399,"column":15},"end":{"line":399,"column":31}},"loc":{"start":{"line":399,"column":34},"end":{"line":438,"column":1}},"line":399},"14":{"name":"(anonymous_14)","decl":{"start":{"line":444,"column":64},"end":{"line":444,"column":65}},"loc":{"start":{"line":444,"column":84},"end":{"line":460,"column":1}},"line":444}},"branchMap":{"0":{"loc":{"start":{"line":73,"column":4},"end":{"line":76,"column":5}},"type":"if","locations":[{"start":{"line":73,"column":4},"end":{"line":76,"column":5}},{"start":{},"end":{}}],"line":73},"1":{"loc":{"start":{"line":80,"column":4},"end":{"line":82,"column":5}},"type":"if","locations":[{"start":{"line":80,"column":4},"end":{"line":82,"column":5}},{"start":{},"end":{}}],"line":80},"2":{"loc":{"start":{"line":93,"column":23},"end":{"line":94,"column":68}},"type":"cond-expr","locations":[{"start":{"line":93,"column":54},"end":{"line":93,"column":57}},{"start":{"line":94,"column":22},"end":{"line":94,"column":68}}],"line":93},"3":{"loc":{"start":{"line":94,"column":22},"end":{"line":94,"column":68}},"type":"cond-expr","locations":[{"start":{"line":94,"column":59},"end":{"line":94,"column":62}},{"start":{"line":94,"column":65},"end":{"line":94,"column":68}}],"line":94},"4":{"loc":{"start":{"line":182,"column":4},"end":{"line":184,"column":5}},"type":"if","locations":[{"start":{"line":182,"column":4},"end":{"line":184,"column":5}},{"start":{},"end":{}}],"line":182},"5":{"loc":{"start":{"line":240,"column":20},"end":{"line":240,"column":70}},"type":"cond-expr","locations":[{"start":{"line":240,"column":41},"end":{"line":240,"column":63}},{"start":{"line":240,"column":66},"end":{"line":240,"column":70}}],"line":240},"6":{"loc":{"start":{"line":284,"column":14},"end":{"line":284,"column":42}},"type":"cond-expr","locations":[{"start":{"line":284,"column":26},"end":{"line":284,"column":30}},{"start":{"line":284,"column":33},"end":{"line":284,"column":42}}],"line":284},"7":{"loc":{"start":{"line":291,"column":17},"end":{"line":291,"column":80}},"type":"cond-expr","locations":[{"start":{"line":291,"column":30},"end":{"line":291,"column":73}},{"start":{"line":291,"column":76},"end":{"line":291,"column":80}}],"line":291},"8":{"loc":{"start":{"line":328,"column":2},"end":{"line":334,"column":3}},"type":"if","locations":[{"start":{"line":328,"column":2},"end":{"line":334,"column":3}},{"start":{"line":331,"column":9},"end":{"line":334,"column":3}}],"line":328},"9":{"loc":{"start":{"line":331,"column":9},"end":{"line":334,"column":3}},"type":"if","locations":[{"start":{"line":331,"column":9},"end":{"line":334,"column":3}},{"start":{},"end":{}}],"line":331},"10":{"loc":{"start":{"line":364,"column":6},"end":{"line":371,"column":7}},"type":"if","locations":[{"start":{"line":364,"column":6},"end":{"line":371,"column":7}},{"start":{},"end":{}}],"line":364},"11":{"loc":{"start":{"line":378,"column":14},"end":{"line":378,"column":44}},"type":"cond-expr","locations":[{"start":{"line":378,"column":28},"end":{"line":378,"column":37}},{"start":{"line":378,"column":40},"end":{"line":378,"column":44}}],"line":378},"12":{"loc":{"start":{"line":383,"column":15},"end":{"line":383,"column":65}},"type":"cond-expr","locations":[{"start":{"line":383,"column":29},"end":{"line":383,"column":58}},{"start":{"line":383,"column":61},"end":{"line":383,"column":65}}],"line":383}},"s":{"0":0,"1":0,"2":0,"3":0,"4":0,"5":0,"6":0,"7":0,"8":0,"9":0,"10":0,"11":0,"12":0,"13":0,"14":0,"15":0,"16":0,"17":0,"18":0,"19":0,"20":0,"21":0,"22":0,"23":0,"24":0,"25":0,"26":0,"27":0,"28":0,"29":0,"30":0,"31":0,"32":0,"33":0,"34":0,"35":0,"36":0,"37":0,"38":0,"39":0,"40":0,"41":0,"42":0,"43":0,"44":0,"45":0,"46":0,"47":0,"48":0,"49":0,"50":0,"51":0,"52":0,"53":0,"54":0,"55":0,"56":0,"57":0,"58":0,"59":0,"60":0,"61":0,"62":0,"63":0,"64":0,"65":0,"66":0,"67":0,"68":0,"69":0,"70":0,"71":0,"72":0,"73":0,"74":0,"75":0,"76":0,"77":0,"78":0,"79":0,"80":0,"81":0,"82":0,"83":0,"84":0,"85":0,"86":0,"87":0,"88":0,"89":0,"90":0,"91":0,"92":0,"93":0,"94":0,"95":0,"96":0,"97":0,"98":0,"99":0,"100":0,"101":0,"102":0,"103":0,"104":0,"105":0,"106":0,"107":0,"108":0,"109":0,"110":0,"111":0,"112":0,"113":0,"114":0,"115":0,"116":0,"117":0,"118":0,"119":0,"120":0,"121":0,"122":0,"123":0,"124":0,"125":0,"126":0,"127":0,"128":0,"129":0,"130":0,"131":0,"132":0,"133":0,"134":0,"135":0,"136":0,"137":0,"138":0,"139":0,"140":0,"141":0,"142":0,"143":0,"144":0,"145":0,"146":0,"147":0},"f":{"0":0,"1":0,"2":0,"3":0,"4":0,"5":0,"6":0,"7":0,"8":0,"9":0,"10":0,"11":0,"12":0,"13":0,"14":0},"b":{"0":[0,0],"1":[0,0],"2":[0,0],"3":[0,0],"4":[0,0],"5":[0,0],"6":[0,0],"7":[0,0],"8":[0,0],"9":[0,0],"10":[0,0],"11":[0,0],"12":[0,0]}}
,"/Users/israel/Documents/GitHub/Utalk-frontend/src/api/settings.js": {"path":"/Users/israel/Documents/GitHub/Utalk-frontend/src/api/settings.js","statementMap":{"0":{"start":{"line":13,"column":16},"end":{"line":13,"column":34}},"1":{"start":{"line":14,"column":15},"end":{"line":14,"column":31}},"2":{"start":{"line":15,"column":15},"end":{"line":15,"column":41}},"3":{"start":{"line":16,"column":55},"end":{"line":16,"column":85}},"4":{"start":{"line":19,"column":0},"end":{"line":25,"column":3}},"5":{"start":{"line":20,"column":2},"end":{"line":23,"column":5}},"6":{"start":{"line":24,"column":2},"end":{"line":24,"column":9}},"7":{"start":{"line":33,"column":0},"end":{"line":68,"column":3}},"8":{"start":{"line":34,"column":2},"end":{"line":67,"column":5}},"9":{"start":{"line":75,"column":0},"end":{"line":81,"column":3}},"10":{"start":{"line":76,"column":2},"end":{"line":80,"column":5}},"11":{"start":{"line":88,"column":0},"end":{"line":108,"column":3}},"12":{"start":{"line":89,"column":2},"end":{"line":107,"column":5}},"13":{"start":{"line":115,"column":0},"end":{"line":128,"column":3}},"14":{"start":{"line":116,"column":2},"end":{"line":127,"column":5}},"15":{"start":{"line":135,"column":0},"end":{"line":154,"column":3}},"16":{"start":{"line":136,"column":2},"end":{"line":153,"column":5}},"17":{"start":{"line":161,"column":0},"end":{"line":188,"column":3}},"18":{"start":{"line":162,"column":2},"end":{"line":187,"column":5}},"19":{"start":{"line":195,"column":0},"end":{"line":214,"column":3}},"20":{"start":{"line":196,"column":2},"end":{"line":213,"column":5}},"21":{"start":{"line":221,"column":0},"end":{"line":247,"column":3}},"22":{"start":{"line":222,"column":2},"end":{"line":246,"column":5}},"23":{"start":{"line":253,"column":0},"end":{"line":270,"column":3}},"24":{"start":{"line":254,"column":2},"end":{"line":269,"column":5}},"25":{"start":{"line":272,"column":0},"end":{"line":272,"column":24}}},"fnMap":{"0":{"name":"(anonymous_0)","decl":{"start":{"line":19,"column":11},"end":{"line":19,"column":12}},"loc":{"start":{"line":19,"column":31},"end":{"line":25,"column":1}},"line":19},"1":{"name":"(anonymous_1)","decl":{"start":{"line":33,"column":58},"end":{"line":33,"column":59}},"loc":{"start":{"line":33,"column":72},"end":{"line":68,"column":1}},"line":33},"2":{"name":"(anonymous_2)","decl":{"start":{"line":75,"column":33},"end":{"line":75,"column":34}},"loc":{"start":{"line":75,"column":47},"end":{"line":81,"column":1}},"line":75},"3":{"name":"(anonymous_3)","decl":{"start":{"line":88,"column":21},"end":{"line":88,"column":22}},"loc":{"start":{"line":88,"column":35},"end":{"line":108,"column":1}},"line":88},"4":{"name":"(anonymous_4)","decl":{"start":{"line":115,"column":22},"end":{"line":115,"column":23}},"loc":{"start":{"line":115,"column":36},"end":{"line":128,"column":1}},"line":115},"5":{"name":"(anonymous_5)","decl":{"start":{"line":135,"column":29},"end":{"line":135,"column":30}},"loc":{"start":{"line":135,"column":43},"end":{"line":154,"column":1}},"line":135},"6":{"name":"(anonymous_6)","decl":{"start":{"line":161,"column":28},"end":{"line":161,"column":29}},"loc":{"start":{"line":161,"column":42},"end":{"line":188,"column":1}},"line":161},"7":{"name":"(anonymous_7)","decl":{"start":{"line":195,"column":30},"end":{"line":195,"column":31}},"loc":{"start":{"line":195,"column":44},"end":{"line":214,"column":1}},"line":195},"8":{"name":"(anonymous_8)","decl":{"start":{"line":221,"column":22},"end":{"line":221,"column":23}},"loc":{"start":{"line":221,"column":36},"end":{"line":247,"column":1}},"line":221},"9":{"name":"(anonymous_9)","decl":{"start":{"line":253,"column":22},"end":{"line":253,"column":23}},"loc":{"start":{"line":253,"column":36},"end":{"line":270,"column":1}},"line":253}},"branchMap":{},"s":{"0":0,"1":0,"2":0,"3":0,"4":0,"5":0,"6":0,"7":0,"8":0,"9":0,"10":0,"11":0,"12":0,"13":0,"14":0,"15":0,"16":0,"17":0,"18":0,"19":0,"20":0,"21":0,"22":0,"23":0,"24":0,"25":0},"f":{"0":0,"1":0,"2":0,"3":0,"4":0,"5":0,"6":0,"7":0,"8":0,"9":0},"b":{}}
,"/Users/israel/Documents/GitHub/Utalk-frontend/src/api/users.js": {"path":"/Users/israel/Documents/GitHub/Utalk-frontend/src/api/users.js","statementMap":{"0":{"start":{"line":13,"column":16},"end":{"line":13,"column":34}},"1":{"start":{"line":14,"column":15},"end":{"line":14,"column":31}},"2":{"start":{"line":15,"column":15},"end":{"line":15,"column":41}},"3":{"start":{"line":16,"column":23},"end":{"line":16,"column":63}},"4":{"start":{"line":17,"column":55},"end":{"line":17,"column":85}},"5":{"start":{"line":18,"column":79},"end":{"line":18,"column":117}},"6":{"start":{"line":19,"column":38},"end":{"line":19,"column":74}},"7":{"start":{"line":22,"column":0},"end":{"line":28,"column":3}},"8":{"start":{"line":23,"column":2},"end":{"line":26,"column":5}},"9":{"start":{"line":27,"column":2},"end":{"line":27,"column":9}},"10":{"start":{"line":35,"column":0},"end":{"line":35,"column":119}},"11":{"start":{"line":42,"column":0},"end":{"line":42,"column":59}},"12":{"start":{"line":49,"column":0},"end":{"line":49,"column":78}},"13":{"start":{"line":56,"column":0},"end":{"line":56,"column":65}},"14":{"start":{"line":63,"column":0},"end":{"line":63,"column":151}},"15":{"start":{"line":70,"column":0},"end":{"line":70,"column":59}},"16":{"start":{"line":77,"column":0},"end":{"line":77,"column":62}},"17":{"start":{"line":84,"column":0},"end":{"line":84,"column":122}},"18":{"start":{"line":91,"column":0},"end":{"line":91,"column":129}},"19":{"start":{"line":98,"column":0},"end":{"line":98,"column":84}},"20":{"start":{"line":105,"column":0},"end":{"line":105,"column":127}},"21":{"start":{"line":118,"column":0},"end":{"line":135,"column":3}},"22":{"start":{"line":119,"column":2},"end":{"line":134,"column":5}},"23":{"start":{"line":137,"column":0},"end":{"line":137,"column":24}}},"fnMap":{"0":{"name":"(anonymous_0)","decl":{"start":{"line":22,"column":11},"end":{"line":22,"column":12}},"loc":{"start":{"line":22,"column":31},"end":{"line":28,"column":1}},"line":22},"1":{"name":"(anonymous_1)","decl":{"start":{"line":118,"column":22},"end":{"line":118,"column":23}},"loc":{"start":{"line":118,"column":36},"end":{"line":135,"column":1}},"line":118}},"branchMap":{},"s":{"0":0,"1":0,"2":0,"3":0,"4":0,"5":0,"6":0,"7":0,"8":0,"9":0,"10":0,"11":0,"12":0,"13":0,"14":0,"15":0,"16":0,"17":0,"18":0,"19":0,"20":0,"21":0,"22":0,"23":0},"f":{"0":0,"1":0},"b":{}}
,"/Users/israel/Documents/GitHub/Utalk-frontend/src/api/channels/email.js": {"path":"/Users/israel/Documents/GitHub/Utalk-frontend/src/api/channels/email.js","statementMap":{"0":{"start":{"line":12,"column":16},"end":{"line":12,"column":34}},"1":{"start":{"line":13,"column":15},"end":{"line":13,"column":31}},"2":{"start":{"line":14,"column":15},"end":{"line":14,"column":44}},"3":{"start":{"line":17,"column":0},"end":{"line":23,"column":3}},"4":{"start":{"line":18,"column":2},"end":{"line":21,"column":5}},"5":{"start":{"line":22,"column":2},"end":{"line":22,"column":9}},"6":{"start":{"line":30,"column":0},"end":{"line":44,"column":3}},"7":{"start":{"line":31,"column":2},"end":{"line":43,"column":5}},"8":{"start":{"line":51,"column":0},"end":{"line":64,"column":3}},"9":{"start":{"line":52,"column":2},"end":{"line":63,"column":5}},"10":{"start":{"line":71,"column":0},"end":{"line":82,"column":3}},"11":{"start":{"line":72,"column":2},"end":{"line":81,"column":5}},"12":{"start":{"line":88,"column":0},"end":{"line":103,"column":3}},"13":{"start":{"line":89,"column":2},"end":{"line":102,"column":5}},"14":{"start":{"line":105,"column":0},"end":{"line":105,"column":24}}},"fnMap":{"0":{"name":"(anonymous_0)","decl":{"start":{"line":17,"column":11},"end":{"line":17,"column":12}},"loc":{"start":{"line":17,"column":31},"end":{"line":23,"column":1}},"line":17},"1":{"name":"(anonymous_1)","decl":{"start":{"line":30,"column":32},"end":{"line":30,"column":33}},"loc":{"start":{"line":30,"column":46},"end":{"line":44,"column":1}},"line":30},"2":{"name":"(anonymous_2)","decl":{"start":{"line":51,"column":21},"end":{"line":51,"column":22}},"loc":{"start":{"line":51,"column":35},"end":{"line":64,"column":1}},"line":51},"3":{"name":"(anonymous_3)","decl":{"start":{"line":71,"column":25},"end":{"line":71,"column":26}},"loc":{"start":{"line":71,"column":39},"end":{"line":82,"column":1}},"line":71},"4":{"name":"(anonymous_4)","decl":{"start":{"line":88,"column":22},"end":{"line":88,"column":23}},"loc":{"start":{"line":88,"column":36},"end":{"line":103,"column":1}},"line":88}},"branchMap":{},"s":{"0":0,"1":0,"2":0,"3":0,"4":0,"5":0,"6":0,"7":0,"8":0,"9":0,"10":0,"11":0,"12":0,"13":0,"14":0},"f":{"0":0,"1":0,"2":0,"3":0,"4":0},"b":{}}
,"/Users/israel/Documents/GitHub/Utalk-frontend/src/api/channels/facebook.js": {"path":"/Users/israel/Documents/GitHub/Utalk-frontend/src/api/channels/facebook.js","statementMap":{"0":{"start":{"line":12,"column":16},"end":{"line":12,"column":34}},"1":{"start":{"line":13,"column":15},"end":{"line":13,"column":31}},"2":{"start":{"line":14,"column":15},"end":{"line":14,"column":44}},"3":{"start":{"line":17,"column":0},"end":{"line":23,"column":3}},"4":{"start":{"line":18,"column":2},"end":{"line":21,"column":5}},"5":{"start":{"line":22,"column":2},"end":{"line":22,"column":9}},"6":{"start":{"line":30,"column":0},"end":{"line":36,"column":3}},"7":{"start":{"line":31,"column":2},"end":{"line":35,"column":5}},"8":{"start":{"line":43,"column":0},"end":{"line":63,"column":3}},"9":{"start":{"line":44,"column":2},"end":{"line":62,"column":5}},"10":{"start":{"line":70,"column":0},"end":{"line":80,"column":3}},"11":{"start":{"line":71,"column":2},"end":{"line":79,"column":5}},"12":{"start":{"line":86,"column":0},"end":{"line":100,"column":3}},"13":{"start":{"line":87,"column":2},"end":{"line":99,"column":5}},"14":{"start":{"line":102,"column":0},"end":{"line":102,"column":24}}},"fnMap":{"0":{"name":"(anonymous_0)","decl":{"start":{"line":17,"column":11},"end":{"line":17,"column":12}},"loc":{"start":{"line":17,"column":31},"end":{"line":23,"column":1}},"line":17},"1":{"name":"(anonymous_1)","decl":{"start":{"line":30,"column":23},"end":{"line":30,"column":24}},"loc":{"start":{"line":30,"column":37},"end":{"line":36,"column":1}},"line":30},"2":{"name":"(anonymous_2)","decl":{"start":{"line":43,"column":24},"end":{"line":43,"column":25}},"loc":{"start":{"line":43,"column":38},"end":{"line":63,"column":1}},"line":43},"3":{"name":"(anonymous_3)","decl":{"start":{"line":70,"column":21},"end":{"line":70,"column":22}},"loc":{"start":{"line":70,"column":35},"end":{"line":80,"column":1}},"line":70},"4":{"name":"(anonymous_4)","decl":{"start":{"line":86,"column":22},"end":{"line":86,"column":23}},"loc":{"start":{"line":86,"column":36},"end":{"line":100,"column":1}},"line":86}},"branchMap":{},"s":{"0":0,"1":0,"2":0,"3":0,"4":0,"5":0,"6":0,"7":0,"8":0,"9":0,"10":0,"11":0,"12":0,"13":0,"14":0},"f":{"0":0,"1":0,"2":0,"3":0,"4":0},"b":{}}
,"/Users/israel/Documents/GitHub/Utalk-frontend/src/api/channels/twilio.js": {"path":"/Users/israel/Documents/GitHub/Utalk-frontend/src/api/channels/twilio.js","statementMap":{"0":{"start":{"line":7,"column":16},"end":{"line":7,"column":34}},"1":{"start":{"line":8,"column":15},"end":{"line":8,"column":31}},"2":{"start":{"line":9,"column":25},"end":{"line":9,"column":79}},"3":{"start":{"line":10,"column":15},"end":{"line":10,"column":44}},"4":{"start":{"line":11,"column":55},"end":{"line":11,"column":88}},"5":{"start":{"line":12,"column":54},"end":{"line":12,"column":97}},"6":{"start":{"line":13,"column":29},"end":{"line":13,"column":70}},"7":{"start":{"line":14,"column":38},"end":{"line":14,"column":77}},"8":{"start":{"line":17,"column":0},"end":{"line":23,"column":3}},"9":{"start":{"line":18,"column":2},"end":{"line":21,"column":5}},"10":{"start":{"line":22,"column":2},"end":{"line":22,"column":9}},"11":{"start":{"line":31,"column":0},"end":{"line":33,"column":3}},"12":{"start":{"line":32,"column":2},"end":{"line":32,"column":50}},"13":{"start":{"line":41,"column":0},"end":{"line":43,"column":3}},"14":{"start":{"line":42,"column":2},"end":{"line":42,"column":55}},"15":{"start":{"line":51,"column":0},"end":{"line":53,"column":3}},"16":{"start":{"line":52,"column":2},"end":{"line":52,"column":43}},"17":{"start":{"line":60,"column":0},"end":{"line":62,"column":3}},"18":{"start":{"line":61,"column":2},"end":{"line":61,"column":52}},"19":{"start":{"line":68,"column":0},"end":{"line":80,"column":3}},"20":{"start":{"line":69,"column":2},"end":{"line":79,"column":5}},"21":{"start":{"line":82,"column":0},"end":{"line":82,"column":24}}},"fnMap":{"0":{"name":"(anonymous_0)","decl":{"start":{"line":17,"column":11},"end":{"line":17,"column":12}},"loc":{"start":{"line":17,"column":31},"end":{"line":23,"column":1}},"line":17},"1":{"name":"(anonymous_1)","decl":{"start":{"line":31,"column":67},"end":{"line":31,"column":68}},"loc":{"start":{"line":31,"column":87},"end":{"line":33,"column":1}},"line":31},"2":{"name":"(anonymous_2)","decl":{"start":{"line":41,"column":147},"end":{"line":41,"column":148}},"loc":{"start":{"line":41,"column":167},"end":{"line":43,"column":1}},"line":41},"3":{"name":"(anonymous_3)","decl":{"start":{"line":51,"column":137},"end":{"line":51,"column":138}},"loc":{"start":{"line":51,"column":157},"end":{"line":53,"column":1}},"line":51},"4":{"name":"(anonymous_4)","decl":{"start":{"line":60,"column":121},"end":{"line":60,"column":122}},"loc":{"start":{"line":60,"column":141},"end":{"line":62,"column":1}},"line":60},"5":{"name":"(anonymous_5)","decl":{"start":{"line":68,"column":22},"end":{"line":68,"column":23}},"loc":{"start":{"line":68,"column":36},"end":{"line":80,"column":1}},"line":68}},"branchMap":{},"s":{"0":0,"1":0,"2":0,"3":0,"4":0,"5":0,"6":0,"7":0,"8":0,"9":0,"10":0,"11":0,"12":0,"13":0,"14":0,"15":0,"16":0,"17":0,"18":0,"19":0,"20":0,"21":0},"f":{"0":0,"1":0,"2":0,"3":0,"4":0,"5":0},"b":{}}
,"/Users/israel/Documents/GitHub/Utalk-frontend/src/api/channels/webchat.js": {"path":"/Users/israel/Documents/GitHub/Utalk-frontend/src/api/channels/webchat.js","statementMap":{"0":{"start":{"line":12,"column":16},"end":{"line":12,"column":34}},"1":{"start":{"line":13,"column":15},"end":{"line":13,"column":31}},"2":{"start":{"line":14,"column":15},"end":{"line":14,"column":44}},"3":{"start":{"line":17,"column":0},"end":{"line":23,"column":3}},"4":{"start":{"line":18,"column":2},"end":{"line":21,"column":5}},"5":{"start":{"line":22,"column":2},"end":{"line":22,"column":9}},"6":{"start":{"line":30,"column":0},"end":{"line":50,"column":3}},"7":{"start":{"line":31,"column":2},"end":{"line":49,"column":5}},"8":{"start":{"line":57,"column":0},"end":{"line":71,"column":3}},"9":{"start":{"line":58,"column":2},"end":{"line":70,"column":5}},"10":{"start":{"line":78,"column":0},"end":{"line":95,"column":3}},"11":{"start":{"line":79,"column":2},"end":{"line":94,"column":5}},"12":{"start":{"line":102,"column":0},"end":{"line":112,"column":3}},"13":{"start":{"line":103,"column":2},"end":{"line":111,"column":5}},"14":{"start":{"line":119,"column":0},"end":{"line":144,"column":3}},"15":{"start":{"line":120,"column":2},"end":{"line":143,"column":5}},"16":{"start":{"line":150,"column":0},"end":{"line":165,"column":3}},"17":{"start":{"line":151,"column":2},"end":{"line":164,"column":5}},"18":{"start":{"line":167,"column":0},"end":{"line":167,"column":24}}},"fnMap":{"0":{"name":"(anonymous_0)","decl":{"start":{"line":17,"column":11},"end":{"line":17,"column":12}},"loc":{"start":{"line":17,"column":31},"end":{"line":23,"column":1}},"line":17},"1":{"name":"(anonymous_1)","decl":{"start":{"line":30,"column":30},"end":{"line":30,"column":31}},"loc":{"start":{"line":30,"column":44},"end":{"line":50,"column":1}},"line":30},"2":{"name":"(anonymous_2)","decl":{"start":{"line":57,"column":29},"end":{"line":57,"column":30}},"loc":{"start":{"line":57,"column":43},"end":{"line":71,"column":1}},"line":57},"3":{"name":"(anonymous_3)","decl":{"start":{"line":78,"column":43},"end":{"line":78,"column":44}},"loc":{"start":{"line":78,"column":57},"end":{"line":95,"column":1}},"line":78},"4":{"name":"(anonymous_4)","decl":{"start":{"line":102,"column":44},"end":{"line":102,"column":45}},"loc":{"start":{"line":102,"column":58},"end":{"line":112,"column":1}},"line":102},"5":{"name":"(anonymous_5)","decl":{"start":{"line":119,"column":29},"end":{"line":119,"column":30}},"loc":{"start":{"line":119,"column":43},"end":{"line":144,"column":1}},"line":119},"6":{"name":"(anonymous_6)","decl":{"start":{"line":150,"column":22},"end":{"line":150,"column":23}},"loc":{"start":{"line":150,"column":36},"end":{"line":165,"column":1}},"line":150}},"branchMap":{},"s":{"0":0,"1":0,"2":0,"3":0,"4":0,"5":0,"6":0,"7":0,"8":0,"9":0,"10":0,"11":0,"12":0,"13":0,"14":0,"15":0,"16":0,"17":0,"18":0},"f":{"0":0,"1":0,"2":0,"3":0,"4":0,"5":0,"6":0},"b":{}}
,"/Users/israel/Documents/GitHub/Utalk-frontend/src/controllers/userController.js": {"path":"/Users/israel/Documents/GitHub/Utalk-frontend/src/controllers/userController.js","statementMap":{"0":{"start":{"line":7,"column":18},"end":{"line":7,"column":48}},"1":{"start":{"line":8,"column":12},"end":{"line":8,"column":35}},"2":{"start":{"line":9,"column":15},"end":{"line":9,"column":35}},"3":{"start":{"line":10,"column":15},"end":{"line":10,"column":41}},"4":{"start":{"line":11,"column":25},"end":{"line":11,"column":63}},"5":{"start":{"line":12,"column":28},"end":{"line":12,"column":70}},"6":{"start":{"line":19,"column":13},"end":{"line":89,"column":4}},"7":{"start":{"line":20,"column":66},"end":{"line":20,"column":74}},"8":{"start":{"line":22,"column":4},"end":{"line":27,"column":7}},"9":{"start":{"line":29,"column":4},"end":{"line":88,"column":5}},"10":{"start":{"line":31,"column":19},"end":{"line":38,"column":8}},"11":{"start":{"line":40,"column":6},"end":{"line":45,"column":9}},"12":{"start":{"line":47,"column":6},"end":{"line":62,"column":9}},"13":{"start":{"line":65,"column":6},"end":{"line":69,"column":9}},"14":{"start":{"line":71,"column":6},"end":{"line":77,"column":7}},"15":{"start":{"line":72,"column":8},"end":{"line":76,"column":11}},"16":{"start":{"line":79,"column":6},"end":{"line":85,"column":7}},"17":{"start":{"line":80,"column":8},"end":{"line":84,"column":11}},"18":{"start":{"line":87,"column":6},"end":{"line":87,"column":18}},"19":{"start":{"line":95,"column":10},"end":{"line":173,"column":4}},"20":{"start":{"line":96,"column":37},"end":{"line":96,"column":45}},"21":{"start":{"line":98,"column":4},"end":{"line":102,"column":7}},"22":{"start":{"line":104,"column":4},"end":{"line":172,"column":5}},"23":{"start":{"line":106,"column":19},"end":{"line":106,"column":69}},"24":{"start":{"line":109,"column":24},"end":{"line":109,"column":73}},"25":{"start":{"line":111,"column":6},"end":{"line":116,"column":9}},"26":{"start":{"line":119,"column":6},"end":{"line":125,"column":9}},"27":{"start":{"line":127,"column":6},"end":{"line":145,"column":9}},"28":{"start":{"line":148,"column":6},"end":{"line":153,"column":9}},"29":{"start":{"line":155,"column":6},"end":{"line":161,"column":7}},"30":{"start":{"line":156,"column":8},"end":{"line":160,"column":11}},"31":{"start":{"line":163,"column":6},"end":{"line":169,"column":7}},"32":{"start":{"line":164,"column":8},"end":{"line":168,"column":11}},"33":{"start":{"line":171,"column":6},"end":{"line":171,"column":18}},"34":{"start":{"line":179,"column":15},"end":{"line":213,"column":4}},"35":{"start":{"line":180,"column":19},"end":{"line":180,"column":30}},"36":{"start":{"line":182,"column":4},"end":{"line":185,"column":7}},"37":{"start":{"line":187,"column":4},"end":{"line":212,"column":5}},"38":{"start":{"line":188,"column":22},"end":{"line":188,"column":56}},"39":{"start":{"line":190,"column":6},"end":{"line":195,"column":9}},"40":{"start":{"line":198,"column":6},"end":{"line":201,"column":9}},"41":{"start":{"line":203,"column":6},"end":{"line":209,"column":7}},"42":{"start":{"line":204,"column":8},"end":{"line":208,"column":11}},"43":{"start":{"line":211,"column":6},"end":{"line":211,"column":18}},"44":{"start":{"line":219,"column":18},"end":{"line":253,"column":4}},"45":{"start":{"line":220,"column":19},"end":{"line":220,"column":30}},"46":{"start":{"line":221,"column":23},"end":{"line":221,"column":31}},"47":{"start":{"line":223,"column":4},"end":{"line":227,"column":7}},"48":{"start":{"line":229,"column":4},"end":{"line":252,"column":5}},"49":{"start":{"line":230,"column":26},"end":{"line":230,"column":75}},"50":{"start":{"line":232,"column":6},"end":{"line":235,"column":9}},"51":{"start":{"line":237,"column":6},"end":{"line":243,"column":9}},"52":{"start":{"line":246,"column":6},"end":{"line":249,"column":9}},"53":{"start":{"line":251,"column":6},"end":{"line":251,"column":18}},"54":{"start":{"line":259,"column":19},"end":{"line":306,"column":4}},"55":{"start":{"line":260,"column":19},"end":{"line":260,"column":30}},"56":{"start":{"line":261,"column":45},"end":{"line":261,"column":53}},"57":{"start":{"line":263,"column":4},"end":{"line":266,"column":7}},"58":{"start":{"line":268,"column":4},"end":{"line":305,"column":5}},"59":{"start":{"line":269,"column":6},"end":{"line":269,"column":75}},"60":{"start":{"line":271,"column":6},"end":{"line":274,"column":9}},"61":{"start":{"line":276,"column":6},"end":{"line":279,"column":9}},"62":{"start":{"line":282,"column":6},"end":{"line":286,"column":9}},"63":{"start":{"line":288,"column":6},"end":{"line":294,"column":7}},"64":{"start":{"line":289,"column":8},"end":{"line":293,"column":11}},"65":{"start":{"line":296,"column":6},"end":{"line":302,"column":7}},"66":{"start":{"line":297,"column":8},"end":{"line":301,"column":11}},"67":{"start":{"line":304,"column":6},"end":{"line":304,"column":18}},"68":{"start":{"line":312,"column":14},"end":{"line":353,"column":4}},"69":{"start":{"line":313,"column":56},"end":{"line":313,"column":65}},"70":{"start":{"line":315,"column":4},"end":{"line":319,"column":7}},"71":{"start":{"line":321,"column":4},"end":{"line":352,"column":5}},"72":{"start":{"line":322,"column":22},"end":{"line":322,"column":24}},"73":{"start":{"line":323,"column":6},"end":{"line":323,"column":36}},"74":{"start":{"line":323,"column":16},"end":{"line":323,"column":36}},"75":{"start":{"line":324,"column":6},"end":{"line":324,"column":54}},"76":{"start":{"line":324,"column":22},"end":{"line":324,"column":54}},"77":{"start":{"line":325,"column":6},"end":{"line":325,"column":73}},"78":{"start":{"line":325,"column":34},"end":{"line":325,"column":73}},"79":{"start":{"line":327,"column":22},"end":{"line":327,"column":24}},"80":{"start":{"line":328,"column":6},"end":{"line":328,"column":49}},"81":{"start":{"line":328,"column":17},"end":{"line":328,"column":49}},"82":{"start":{"line":329,"column":6},"end":{"line":329,"column":85}},"83":{"start":{"line":329,"column":25},"end":{"line":329,"column":85}},"84":{"start":{"line":331,"column":20},"end":{"line":331,"column":58}},"85":{"start":{"line":333,"column":6},"end":{"line":343,"column":9}},"86":{"start":{"line":346,"column":6},"end":{"line":349,"column":9}},"87":{"start":{"line":351,"column":6},"end":{"line":351,"column":18}},"88":{"start":{"line":359,"column":18},"end":{"line":400,"column":4}},"89":{"start":{"line":360,"column":23},"end":{"line":360,"column":33}},"90":{"start":{"line":361,"column":25},"end":{"line":361,"column":33}},"91":{"start":{"line":363,"column":4},"end":{"line":367,"column":7}},"92":{"start":{"line":369,"column":4},"end":{"line":399,"column":5}},"93":{"start":{"line":370,"column":6},"end":{"line":370,"column":56}},"94":{"start":{"line":372,"column":6},"end":{"line":376,"column":9}},"95":{"start":{"line":378,"column":6},"end":{"line":381,"column":9}},"96":{"start":{"line":384,"column":6},"end":{"line":388,"column":9}},"97":{"start":{"line":390,"column":6},"end":{"line":396,"column":7}},"98":{"start":{"line":391,"column":8},"end":{"line":395,"column":11}},"99":{"start":{"line":398,"column":6},"end":{"line":398,"column":18}},"100":{"start":{"line":406,"column":17},"end":{"line":429,"column":4}},"101":{"start":{"line":407,"column":4},"end":{"line":409,"column":7}},"102":{"start":{"line":411,"column":4},"end":{"line":428,"column":5}},"103":{"start":{"line":412,"column":20},"end":{"line":412,"column":46}},"104":{"start":{"line":414,"column":6},"end":{"line":419,"column":9}},"105":{"start":{"line":422,"column":6},"end":{"line":425,"column":9}},"106":{"start":{"line":427,"column":6},"end":{"line":427,"column":18}},"107":{"start":{"line":437,"column":20},"end":{"line":444,"column":5}},"108":{"start":{"line":446,"column":4},"end":{"line":449,"column":7}},"109":{"start":{"line":458,"column":4},"end":{"line":470,"column":5}},"110":{"start":{"line":459,"column":6},"end":{"line":461,"column":9}},"111":{"start":{"line":463,"column":6},"end":{"line":465,"column":7}},"112":{"start":{"line":464,"column":8},"end":{"line":464,"column":41}},"113":{"start":{"line":466,"column":6},"end":{"line":468,"column":7}},"114":{"start":{"line":467,"column":8},"end":{"line":467,"column":41}},"115":{"start":{"line":469,"column":6},"end":{"line":469,"column":18}},"116":{"start":{"line":477,"column":18},"end":{"line":554,"column":4}},"117":{"start":{"line":478,"column":25},"end":{"line":478,"column":49}},"118":{"start":{"line":480,"column":4},"end":{"line":491,"column":5}},"119":{"start":{"line":481,"column":6},"end":{"line":484,"column":9}},"120":{"start":{"line":486,"column":6},"end":{"line":490,"column":9}},"121":{"start":{"line":493,"column":4},"end":{"line":553,"column":5}},"122":{"start":{"line":495,"column":27},"end":{"line":495,"column":80}},"123":{"start":{"line":497,"column":6},"end":{"line":499,"column":9}},"124":{"start":{"line":502,"column":6},"end":{"line":508,"column":9}},"125":{"start":{"line":510,"column":6},"end":{"line":518,"column":9}},"126":{"start":{"line":521,"column":6},"end":{"line":525,"column":9}},"127":{"start":{"line":528,"column":6},"end":{"line":530,"column":9}},"128":{"start":{"line":532,"column":6},"end":{"line":538,"column":7}},"129":{"start":{"line":533,"column":8},"end":{"line":537,"column":11}},"130":{"start":{"line":540,"column":6},"end":{"line":546,"column":7}},"131":{"start":{"line":541,"column":8},"end":{"line":545,"column":11}},"132":{"start":{"line":548,"column":6},"end":{"line":552,"column":9}},"133":{"start":{"line":560,"column":11},"end":{"line":598,"column":4}},"134":{"start":{"line":561,"column":19},"end":{"line":561,"column":31}},"135":{"start":{"line":562,"column":25},"end":{"line":562,"column":49}},"136":{"start":{"line":564,"column":4},"end":{"line":567,"column":7}},"137":{"start":{"line":569,"column":4},"end":{"line":597,"column":5}},"138":{"start":{"line":571,"column":6},"end":{"line":573,"column":7}},"139":{"start":{"line":572,"column":8},"end":{"line":572,"column":67}},"140":{"start":{"line":576,"column":6},"end":{"line":578,"column":9}},"141":{"start":{"line":580,"column":6},"end":{"line":583,"column":9}},"142":{"start":{"line":586,"column":6},"end":{"line":586,"column":49}},"143":{"start":{"line":589,"column":6},"end":{"line":591,"column":9}},"144":{"start":{"line":593,"column":6},"end":{"line":596,"column":9}},"145":{"start":{"line":604,"column":20},"end":{"line":629,"column":4}},"146":{"start":{"line":605,"column":19},"end":{"line":605,"column":30}},"147":{"start":{"line":607,"column":4},"end":{"line":610,"column":7}},"148":{"start":{"line":612,"column":4},"end":{"line":628,"column":5}},"149":{"start":{"line":613,"column":6},"end":{"line":613,"column":60}},"150":{"start":{"line":616,"column":6},"end":{"line":618,"column":9}},"151":{"start":{"line":620,"column":6},"end":{"line":623,"column":9}},"152":{"start":{"line":626,"column":6},"end":{"line":626,"column":55}},"153":{"start":{"line":627,"column":6},"end":{"line":627,"column":18}},"154":{"start":{"line":632,"column":0},"end":{"line":632,"column":38}}},"fnMap":{"0":{"name":"(anonymous_0)","decl":{"start":{"line":19,"column":26},"end":{"line":19,"column":27}},"loc":{"start":{"line":19,"column":46},"end":{"line":89,"column":3}},"line":19},"1":{"name":"(anonymous_1)","decl":{"start":{"line":95,"column":23},"end":{"line":95,"column":24}},"loc":{"start":{"line":95,"column":43},"end":{"line":173,"column":3}},"line":95},"2":{"name":"(anonymous_2)","decl":{"start":{"line":179,"column":28},"end":{"line":179,"column":29}},"loc":{"start":{"line":179,"column":48},"end":{"line":213,"column":3}},"line":179},"3":{"name":"(anonymous_3)","decl":{"start":{"line":219,"column":31},"end":{"line":219,"column":32}},"loc":{"start":{"line":219,"column":51},"end":{"line":253,"column":3}},"line":219},"4":{"name":"(anonymous_4)","decl":{"start":{"line":259,"column":32},"end":{"line":259,"column":33}},"loc":{"start":{"line":259,"column":52},"end":{"line":306,"column":3}},"line":259},"5":{"name":"(anonymous_5)","decl":{"start":{"line":312,"column":27},"end":{"line":312,"column":28}},"loc":{"start":{"line":312,"column":47},"end":{"line":353,"column":3}},"line":312},"6":{"name":"(anonymous_6)","decl":{"start":{"line":359,"column":31},"end":{"line":359,"column":32}},"loc":{"start":{"line":359,"column":51},"end":{"line":400,"column":3}},"line":359},"7":{"name":"(anonymous_7)","decl":{"start":{"line":406,"column":30},"end":{"line":406,"column":31}},"loc":{"start":{"line":406,"column":50},"end":{"line":429,"column":3}},"line":406},"8":{"name":"(anonymous_8)","decl":{"start":{"line":436,"column":2},"end":{"line":436,"column":3}},"loc":{"start":{"line":436,"column":22},"end":{"line":450,"column":3}},"line":436},"9":{"name":"(anonymous_9)","decl":{"start":{"line":457,"column":2},"end":{"line":457,"column":3}},"loc":{"start":{"line":457,"column":21},"end":{"line":471,"column":3}},"line":457},"10":{"name":"(anonymous_10)","decl":{"start":{"line":477,"column":31},"end":{"line":477,"column":32}},"loc":{"start":{"line":477,"column":51},"end":{"line":554,"column":3}},"line":477},"11":{"name":"(anonymous_11)","decl":{"start":{"line":560,"column":24},"end":{"line":560,"column":25}},"loc":{"start":{"line":560,"column":44},"end":{"line":598,"column":3}},"line":560},"12":{"name":"(anonymous_12)","decl":{"start":{"line":604,"column":33},"end":{"line":604,"column":34}},"loc":{"start":{"line":604,"column":53},"end":{"line":629,"column":3}},"line":604}},"branchMap":{"0":{"loc":{"start":{"line":25,"column":12},"end":{"line":25,"column":27}},"type":"binary-expr","locations":[{"start":{"line":25,"column":12},"end":{"line":25,"column":16}},{"start":{"line":25,"column":20},"end":{"line":25,"column":27}}],"line":25},"1":{"loc":{"start":{"line":26,"column":18},"end":{"line":26,"column":41}},"type":"binary-expr","locations":[{"start":{"line":26,"column":18},"end":{"line":26,"column":28}},{"start":{"line":26,"column":32},"end":{"line":26,"column":41}}],"line":26},"2":{"loc":{"start":{"line":35,"column":14},"end":{"line":35,"column":29}},"type":"binary-expr","locations":[{"start":{"line":35,"column":14},"end":{"line":35,"column":18}},{"start":{"line":35,"column":22},"end":{"line":35,"column":29}}],"line":35},"3":{"loc":{"start":{"line":37,"column":20},"end":{"line":37,"column":43}},"type":"binary-expr","locations":[{"start":{"line":37,"column":20},"end":{"line":37,"column":30}},{"start":{"line":37,"column":34},"end":{"line":37,"column":43}}],"line":37},"4":{"loc":{"start":{"line":71,"column":6},"end":{"line":77,"column":7}},"type":"if","locations":[{"start":{"line":71,"column":6},"end":{"line":77,"column":7}},{"start":{},"end":{}}],"line":71},"5":{"loc":{"start":{"line":79,"column":6},"end":{"line":85,"column":7}},"type":"if","locations":[{"start":{"line":79,"column":6},"end":{"line":85,"column":7}},{"start":{},"end":{}}],"line":79},"6":{"loc":{"start":{"line":155,"column":6},"end":{"line":161,"column":7}},"type":"if","locations":[{"start":{"line":155,"column":6},"end":{"line":161,"column":7}},{"start":{},"end":{}}],"line":155},"7":{"loc":{"start":{"line":163,"column":6},"end":{"line":169,"column":7}},"type":"if","locations":[{"start":{"line":163,"column":6},"end":{"line":169,"column":7}},{"start":{},"end":{}}],"line":163},"8":{"loc":{"start":{"line":203,"column":6},"end":{"line":209,"column":7}},"type":"if","locations":[{"start":{"line":203,"column":6},"end":{"line":209,"column":7}},{"start":{},"end":{}}],"line":203},"9":{"loc":{"start":{"line":288,"column":6},"end":{"line":294,"column":7}},"type":"if","locations":[{"start":{"line":288,"column":6},"end":{"line":294,"column":7}},{"start":{},"end":{}}],"line":288},"10":{"loc":{"start":{"line":296,"column":6},"end":{"line":302,"column":7}},"type":"if","locations":[{"start":{"line":296,"column":6},"end":{"line":302,"column":7}},{"start":{},"end":{}}],"line":296},"11":{"loc":{"start":{"line":323,"column":6},"end":{"line":323,"column":36}},"type":"if","locations":[{"start":{"line":323,"column":6},"end":{"line":323,"column":36}},{"start":{},"end":{}}],"line":323},"12":{"loc":{"start":{"line":324,"column":6},"end":{"line":324,"column":54}},"type":"if","locations":[{"start":{"line":324,"column":6},"end":{"line":324,"column":54}},{"start":{},"end":{}}],"line":324},"13":{"loc":{"start":{"line":325,"column":6},"end":{"line":325,"column":73}},"type":"if","locations":[{"start":{"line":325,"column":6},"end":{"line":325,"column":73}},{"start":{},"end":{}}],"line":325},"14":{"loc":{"start":{"line":328,"column":6},"end":{"line":328,"column":49}},"type":"if","locations":[{"start":{"line":328,"column":6},"end":{"line":328,"column":49}},{"start":{},"end":{}}],"line":328},"15":{"loc":{"start":{"line":329,"column":6},"end":{"line":329,"column":85}},"type":"if","locations":[{"start":{"line":329,"column":6},"end":{"line":329,"column":85}},{"start":{},"end":{}}],"line":329},"16":{"loc":{"start":{"line":329,"column":10},"end":{"line":329,"column":23}},"type":"binary-expr","locations":[{"start":{"line":329,"column":10},"end":{"line":329,"column":14}},{"start":{"line":329,"column":18},"end":{"line":329,"column":23}}],"line":329},"17":{"loc":{"start":{"line":338,"column":18},"end":{"line":338,"column":37}},"type":"binary-expr","locations":[{"start":{"line":338,"column":18},"end":{"line":338,"column":32}},{"start":{"line":338,"column":36},"end":{"line":338,"column":37}}],"line":338},"18":{"loc":{"start":{"line":339,"column":19},"end":{"line":339,"column":40}},"type":"binary-expr","locations":[{"start":{"line":339,"column":19},"end":{"line":339,"column":34}},{"start":{"line":339,"column":38},"end":{"line":339,"column":40}}],"line":339},"19":{"loc":{"start":{"line":380,"column":25},"end":{"line":380,"column":63}},"type":"cond-expr","locations":[{"start":{"line":380,"column":36},"end":{"line":380,"column":47}},{"start":{"line":380,"column":50},"end":{"line":380,"column":63}}],"line":380},"20":{"loc":{"start":{"line":390,"column":6},"end":{"line":396,"column":7}},"type":"if","locations":[{"start":{"line":390,"column":6},"end":{"line":396,"column":7}},{"start":{},"end":{}}],"line":390},"21":{"loc":{"start":{"line":463,"column":6},"end":{"line":465,"column":7}},"type":"if","locations":[{"start":{"line":463,"column":6},"end":{"line":465,"column":7}},{"start":{},"end":{}}],"line":463},"22":{"loc":{"start":{"line":466,"column":6},"end":{"line":468,"column":7}},"type":"if","locations":[{"start":{"line":466,"column":6},"end":{"line":468,"column":7}},{"start":{},"end":{}}],"line":466},"23":{"loc":{"start":{"line":480,"column":4},"end":{"line":491,"column":5}},"type":"if","locations":[{"start":{"line":480,"column":4},"end":{"line":491,"column":5}},{"start":{},"end":{}}],"line":480},"24":{"loc":{"start":{"line":532,"column":6},"end":{"line":538,"column":7}},"type":"if","locations":[{"start":{"line":532,"column":6},"end":{"line":538,"column":7}},{"start":{},"end":{}}],"line":532},"25":{"loc":{"start":{"line":540,"column":6},"end":{"line":546,"column":7}},"type":"if","locations":[{"start":{"line":540,"column":6},"end":{"line":546,"column":7}},{"start":{},"end":{}}],"line":540},"26":{"loc":{"start":{"line":571,"column":6},"end":{"line":573,"column":7}},"type":"if","locations":[{"start":{"line":571,"column":6},"end":{"line":573,"column":7}},{"start":{},"end":{}}],"line":571}},"s":{"0":0,"1":0,"2":0,"3":0,"4":0,"5":0,"6":0,"7":0,"8":0,"9":0,"10":0,"11":0,"12":0,"13":0,"14":0,"15":0,"16":0,"17":0,"18":0,"19":0,"20":0,"21":0,"22":0,"23":0,"24":0,"25":0,"26":0,"27":0,"28":0,"29":0,"30":0,"31":0,"32":0,"33":0,"34":0,"35":0,"36":0,"37":0,"38":0,"39":0,"40":0,"41":0,"42":0,"43":0,"44":0,"45":0,"46":0,"47":0,"48":0,"49":0,"50":0,"51":0,"52":0,"53":0,"54":0,"55":0,"56":0,"57":0,"58":0,"59":0,"60":0,"61":0,"62":0,"63":0,"64":0,"65":0,"66":0,"67":0,"68":0,"69":0,"70":0,"71":0,"72":0,"73":0,"74":0,"75":0,"76":0,"77":0,"78":0,"79":0,"80":0,"81":0,"82":0,"83":0,"84":0,"85":0,"86":0,"87":0,"88":0,"89":0,"90":0,"91":0,"92":0,"93":0,"94":0,"95":0,"96":0,"97":0,"98":0,"99":0,"100":0,"101":0,"102":0,"103":0,"104":0,"105":0,"106":0,"107":0,"108":0,"109":0,"110":0,"111":0,"112":0,"113":0,"114":0,"115":0,"116":0,"117":0,"118":0,"119":0,"120":0,"121":0,"122":0,"123":0,"124":0,"125":0,"126":0,"127":0,"128":0,"129":0,"130":0,"131":0,"132":0,"133":0,"134":0,"135":0,"136":0,"137":0,"138":0,"139":0,"140":0,"141":0,"142":0,"143":0,"144":0,"145":0,"146":0,"147":0,"148":0,"149":0,"150":0,"151":0,"152":0,"153":0,"154":0},"f":{"0":0,"1":0,"2":0,"3":0,"4":0,"5":0,"6":0,"7":0,"8":0,"9":0,"10":0,"11":0,"12":0},"b":{"0":[0,0],"1":[0,0],"2":[0,0],"3":[0,0],"4":[0,0],"5":[0,0],"6":[0,0],"7":[0,0],"8":[0,0],"9":[0,0],"10":[0,0],"11":[0,0],"12":[0,0],"13":[0,0],"14":[0,0],"15":[0,0],"16":[0,0],"17":[0,0],"18":[0,0],"19":[0,0],"20":[0,0],"21":[0,0],"22":[0,0],"23":[0,0],"24":[0,0],"25":[0,0],"26":[0,0]}}
[...]
":{"line":144,"column":12},"end":{"line":144,"column":24}},"type":"binary-expr","locations":[{"start":{"line":144,"column":12},"end":{"line":144,"column":16}},{"start":{"line":144,"column":20},"end":{"line":144,"column":24}}],"line":144},"8":{"loc":{"start":{"line":151,"column":4},"end":{"line":164,"column":5}},"type":"if","locations":[{"start":{"line":151,"column":4},"end":{"line":164,"column":5}},{"start":{},"end":{}}],"line":151},"9":{"loc":{"start":{"line":156,"column":8},"end":{"line":162,"column":9}},"type":"if","locations":[{"start":{"line":156,"column":8},"end":{"line":162,"column":9}},{"start":{},"end":{}}],"line":156},"10":{"loc":{"start":{"line":177,"column":4},"end":{"line":180,"column":5}},"type":"if","locations":[{"start":{"line":177,"column":4},"end":{"line":180,"column":5}},{"start":{},"end":{}}],"line":177},"11":{"loc":{"start":{"line":231,"column":4},"end":{"line":233,"column":5}},"type":"if","locations":[{"start":{"line":231,"column":4},"end":{"line":233,"column":5}},{"start":{},"end":{}}],"line":231},"12":{"loc":{"start":{"line":231,"column":8},"end":{"line":231,"column":57}},"type":"binary-expr","locations":[{"start":{"line":231,"column":8},"end":{"line":231,"column":32}},{"start":{"line":231,"column":36},"end":{"line":231,"column":57}}],"line":231},"13":{"loc":{"start":{"line":244,"column":4},"end":{"line":244,"column":57}},"type":"if","locations":[{"start":{"line":244,"column":4},"end":{"line":244,"column":57}},{"start":{},"end":{}}],"line":244},"14":{"loc":{"start":{"line":245,"column":4},"end":{"line":245,"column":57}},"type":"if","locations":[{"start":{"line":245,"column":4},"end":{"line":245,"column":57}},{"start":{},"end":{}}],"line":245},"15":{"loc":{"start":{"line":246,"column":4},"end":{"line":246,"column":57}},"type":"if","locations":[{"start":{"line":246,"column":4},"end":{"line":246,"column":57}},{"start":{},"end":{}}],"line":246},"16":{"loc":{"start":{"line":247,"column":4},"end":{"line":247,"column":66}},"type":"if","locations":[{"start":{"line":247,"column":4},"end":{"line":247,"column":66}},{"start":{},"end":{}}],"line":247},"17":{"loc":{"start":{"line":266,"column":6},"end":{"line":268,"column":7}},"type":"if","locations":[{"start":{"line":266,"column":6},"end":{"line":268,"column":7}},{"start":{},"end":{}}],"line":266},"18":{"loc":{"start":{"line":282,"column":20},"end":{"line":282,"column":32}},"type":"default-arg","locations":[{"start":{"line":282,"column":30},"end":{"line":282,"column":32}}],"line":282},"19":{"loc":{"start":{"line":286,"column":6},"end":{"line":286,"column":52}},"type":"if","locations":[{"start":{"line":286,"column":6},"end":{"line":286,"column":52}},{"start":{},"end":{}}],"line":286},"20":{"loc":{"start":{"line":287,"column":6},"end":{"line":287,"column":46}},"type":"if","locations":[{"start":{"line":287,"column":6},"end":{"line":287,"column":46}},{"start":{},"end":{}}],"line":287},"21":{"loc":{"start":{"line":288,"column":6},"end":{"line":288,"column":64}},"type":"if","locations":[{"start":{"line":288,"column":6},"end":{"line":288,"column":64}},{"start":{},"end":{}}],"line":288},"22":{"loc":{"start":{"line":289,"column":6},"end":{"line":289,"column":55}},"type":"if","locations":[{"start":{"line":289,"column":6},"end":{"line":289,"column":55}},{"start":{},"end":{}}],"line":289}},"s":{"0":0,"1":0,"2":0,"3":0,"4":0,"5":0,"6":0,"7":0,"8":0,"9":0,"10":0,"11":0,"12":0,"13":0,"14":0,"15":0,"16":0,"17":0,"18":0,"19":0,"20":0,"21":0,"22":0,"23":0,"24":0,"25":0,"26":0,"27":0,"28":0,"29":0,"30":0,"31":0,"32":0,"33":0,"34":0,"35":0,"36":0,"37":0,"38":0,"39":0,"40":0,"41":0,"42":0,"43":0,"44":0,"45":0,"46":0,"47":0,"48":0,"49":0,"50":0,"51":0,"52":0,"53":0,"54":0,"55":0,"56":0,"57":0,"58":0,"59":0,"60":0,"61":0,"62":0,"63":0,"64":0,"65":0,"66":0,"67":0,"68":0,"69":0,"70":0,"71":0,"72":0,"73":0,"74":0,"75":0,"76":0,"77":0,"78":0,"79":0,"80":0,"81":0,"82":0,"83":0,"84":0,"85":0},"f":{"0":0,"1":0,"2":0,"3":0,"4":0,"5":0,"6":0,"7":0,"8":0,"9":0,"10":0},"b":{"0":[0],"1":[0,0],"2":[0],"3":[0,0],"4":[0,0],"5":[0,0],"6":[0,0],"7":[0,0],"8":[0,0],"9":[0,0],"10":[0,0],"11":[0,0],"12":[0,0],"13":[0,0],"14":[0,0],"15":[0,0],"16":[0,0],"17":[0,0],"18":[0],"19":[0,0],"20":[0,0],"21":[0,0],"22":[0,0]}}
,"/Users/israel/Documents/GitHub/Utalk-frontend/src/utils/envValidation.js": {"path":"/Users/israel/Documents/GitHub/Utalk-frontend/src/utils/envValidation.js","statementMap":{"0":{"start":{"line":7,"column":50},"end":{"line":7,"column":68}},"1":{"start":{"line":8,"column":15},"end":{"line":8,"column":34}},"2":{"start":{"line":15,"column":2},"end":{"line":191,"column":3}},"3":{"start":{"line":16,"column":16},"end":{"line":158,"column":6}},"4":{"start":{"line":161,"column":4},"end":{"line":161,"column":29}},"5":{"start":{"line":163,"column":4},"end":{"line":171,"column":7}},"6":{"start":{"line":173,"column":4},"end":{"line":173,"column":15}},"7":{"start":{"line":176,"column":4},"end":{"line":176,"column":57}},"8":{"start":{"line":177,"column":4},"end":{"line":177,"column":54}},"9":{"start":{"line":178,"column":4},"end":{"line":178,"column":33}},"10":{"start":{"line":179,"column":4},"end":{"line":179,"column":58}},"11":{"start":{"line":180,"column":4},"end":{"line":180,"column":65}},"12":{"start":{"line":181,"column":4},"end":{"line":181,"column":77}},"13":{"start":{"line":182,"column":4},"end":{"line":182,"column":79}},"14":{"start":{"line":183,"column":4},"end":{"line":183,"column":63}},"15":{"start":{"line":184,"column":4},"end":{"line":184,"column":61}},"16":{"start":{"line":185,"column":4},"end":{"line":185,"column":65}},"17":{"start":{"line":186,"column":4},"end":{"line":186,"column":69}},"18":{"start":{"line":187,"column":4},"end":{"line":187,"column":55}},"19":{"start":{"line":188,"column":4},"end":{"line":188,"column":99}},"20":{"start":{"line":190,"column":4},"end":{"line":190,"column":20}},"21":{"start":{"line":198,"column":17},"end":{"line":198,"column":19}},"22":{"start":{"line":201,"column":2},"end":{"line":204,"column":3}},"23":{"start":{"line":203,"column":4},"end":{"line":203,"column":79}},"24":{"start":{"line":207,"column":2},"end":{"line":209,"column":3}},"25":{"start":{"line":208,"column":4},"end":{"line":208,"column":66}},"26":{"start":{"line":212,"column":2},"end":{"line":214,"column":3}},"27":{"start":{"line":213,"column":4},"end":{"line":213,"column":63}},"28":{"start":{"line":217,"column":2},"end":{"line":219,"column":3}},"29":{"start":{"line":218,"column":4},"end":{"line":218,"column":79}},"30":{"start":{"line":222,"column":2},"end":{"line":224,"column":3}},"31":{"start":{"line":223,"column":4},"end":{"line":223,"column":59}},"32":{"start":{"line":227,"column":2},"end":{"line":229,"column":3}},"33":{"start":{"line":228,"column":4},"end":{"line":228,"column":72}},"34":{"start":{"line":232,"column":2},"end":{"line":234,"column":3}},"35":{"start":{"line":233,"column":4},"end":{"line":233,"column":76}},"36":{"start":{"line":236,"column":2},"end":{"line":238,"column":3}},"37":{"start":{"line":237,"column":4},"end":{"line":237,"column":97}},"38":{"start":{"line":237,"column":73},"end":{"line":237,"column":83}},"39":{"start":{"line":245,"column":18},"end":{"line":249,"column":3}},"40":{"start":{"line":251,"column":2},"end":{"line":298,"column":3}},"41":{"start":{"line":253,"column":4},"end":{"line":274,"column":5}},"42":{"start":{"line":254,"column":20},"end":{"line":254,"column":45}},"43":{"start":{"line":255,"column":6},"end":{"line":263,"column":7}},"44":{"start":{"line":256,"column":8},"end":{"line":262,"column":11}},"45":{"start":{"line":266,"column":17},"end":{"line":266,"column":34}},"46":{"start":{"line":267,"column":6},"end":{"line":267,"column":58}},"47":{"start":{"line":268,"column":6},"end":{"line":268,"column":30}},"48":{"start":{"line":270,"column":6},"end":{"line":270,"column":53}},"49":{"start":{"line":272,"column":6},"end":{"line":272,"column":56}},"50":{"start":{"line":273,"column":6},"end":{"line":273,"column":31}},"51":{"start":{"line":277,"column":4},"end":{"line":289,"column":5}},"52":{"start":{"line":278,"column":21},"end":{"line":278,"column":38}},"53":{"start":{"line":279,"column":21},"end":{"line":279,"column":74}},"54":{"start":{"line":282,"column":6},"end":{"line":282,"column":64}},"55":{"start":{"line":283,"column":6},"end":{"line":283,"column":28}},"56":{"start":{"line":285,"column":6},"end":{"line":285,"column":51}},"57":{"start":{"line":287,"column":6},"end":{"line":287,"column":54}},"58":{"start":{"line":288,"column":6},"end":{"line":288,"column":29}},"59":{"start":{"line":291,"column":4},"end":{"line":291,"column":57}},"60":{"start":{"line":293,"column":4},"end":{"line":293,"column":19}},"61":{"start":{"line":296,"column":4},"end":{"line":296,"column":63}},"62":{"start":{"line":297,"column":4},"end":{"line":297,"column":19}},"63":{"start":{"line":305,"column":2},"end":{"line":305,"column":45}},"64":{"start":{"line":306,"column":2},"end":{"line":306,"column":48}},"65":{"start":{"line":307,"column":2},"end":{"line":307,"column":37}},"66":{"start":{"line":308,"column":2},"end":{"line":308,"column":64}},"67":{"start":{"line":309,"column":2},"end":{"line":309,"column":81}},"68":{"start":{"line":310,"column":2},"end":{"line":310,"column":49}},"69":{"start":{"line":311,"column":2},"end":{"line":311,"column":51}},"70":{"start":{"line":312,"column":2},"end":{"line":312,"column":47}},"71":{"start":{"line":313,"column":2},"end":{"line":313,"column":45}},"72":{"start":{"line":315,"column":2},"end":{"line":320,"column":3}},"73":{"start":{"line":316,"column":4},"end":{"line":316,"column":57}},"74":{"start":{"line":317,"column":4},"end":{"line":317,"column":66}},"75":{"start":{"line":318,"column":4},"end":{"line":318,"column":60}},"76":{"start":{"line":319,"column":4},"end":{"line":319,"column":66}},"77":{"start":{"line":322,"column":2},"end":{"line":322,"column":18}},"78":{"start":{"line":325,"column":0},"end":{"line":329,"column":2}}},"fnMap":{"0":{"name":"validateEnvironment","decl":{"start":{"line":14,"column":9},"end":{"line":14,"column":28}},"loc":{"start":{"line":14,"column":31},"end":{"line":192,"column":1}},"line":14},"1":{"name":"validateCustomRules","decl":{"start":{"line":197,"column":9},"end":{"line":197,"column":28}},"loc":{"start":{"line":197,"column":34},"end":{"line":239,"column":1}},"line":197},"2":{"name":"(anonymous_2)","decl":{"start":{"line":237,"column":68},"end":{"line":237,"column":69}},"loc":{"start":{"line":237,"column":73},"end":{"line":237,"column":83}},"line":237},"3":{"name":"validateExternalServices","decl":{"start":{"line":244,"column":15},"end":{"line":244,"column":39}},"loc":{"start":{"line":244,"column":45},"end":{"line":299,"column":1}},"line":244},"4":{"name":"showConfigSummary","decl":{"start":{"line":304,"column":9},"end":{"line":304,"column":26}},"loc":{"start":{"line":304,"column":32},"end":{"line":323,"column":1}},"line":304}},"branchMap":{"0":{"loc":{"start":{"line":201,"column":2},"end":{"line":204,"column":3}},"type":"if","locations":[{"start":{"line":201,"column":2},"end":{"line":204,"column":3}},{"start":{},"end":{}}],"line":201},"1":{"loc":{"start":{"line":201,"column":6},"end":{"line":202,"column":73}},"type":"binary-expr","locations":[{"start":{"line":201,"column":6},"end":{"line":201,"column":35}},{"start":{"line":202,"column":6},"end":{"line":202,"column":73}}],"line":201},"2":{"loc":{"start":{"line":207,"column":2},"end":{"line":209,"column":3}},"type":"if","locations":[{"start":{"line":207,"column":2},"end":{"line":209,"column":3}},{"start":{},"end":{}}],"line":207},"3":{"loc":{"start":{"line":212,"column":2},"end":{"line":214,"column":3}},"type":"if","locations":[{"start":{"line":212,"column":2},"end":{"line":214,"column":3}},{"start":{},"end":{}}],"line":212},"4":{"loc":{"start":{"line":212,"column":6},"end":{"line":212,"column":62}},"type":"binary-expr","locations":[{"start":{"line":212,"column":6},"end":{"line":212,"column":35}},{"start":{"line":212,"column":39},"end":{"line":212,"column":62}}],"line":212},"5":{"loc":{"start":{"line":217,"column":2},"end":{"line":219,"column":3}},"type":"if","locations":[{"start":{"line":217,"column":2},"end":{"line":219,"column":3}},{"start":{},"end":{}}],"line":217},"6":{"loc":{"start":{"line":222,"column":2},"end":{"line":224,"column":3}},"type":"if","locations":[{"start":{"line":222,"column":2},"end":{"line":224,"column":3}},{"start":{},"end":{}}],"line":222},"7":{"loc":{"start":{"line":227,"column":2},"end":{"line":229,"column":3}},"type":"if","locations":[{"start":{"line":227,"column":2},"end":{"line":229,"column":3}},{"start":{},"end":{}}],"line":227},"8":{"loc":{"start":{"line":232,"column":2},"end":{"line":234,"column":3}},"type":"if","locations":[{"start":{"line":232,"column":2},"end":{"line":234,"column":3}},{"start":{},"end":{}}],"line":232},"9":{"loc":{"start":{"line":236,"column":2},"end":{"line":238,"column":3}},"type":"if","locations":[{"start":{"line":236,"column":2},"end":{"line":238,"column":3}},{"start":{},"end":{}}],"line":236},"10":{"loc":{"start":{"line":255,"column":6},"end":{"line":263,"column":7}},"type":"if","locations":[{"start":{"line":255,"column":6},"end":{"line":263,"column":7}},{"start":{},"end":{}}],"line":255},"11":{"loc":{"start":{"line":291,"column":22},"end":{"line":291,"column":56}},"type":"binary-expr","locations":[{"start":{"line":291,"column":22},"end":{"line":291,"column":38}},{"start":{"line":291,"column":42},"end":{"line":291,"column":56}}],"line":291},"12":{"loc":{"start":{"line":315,"column":2},"end":{"line":320,"column":3}},"type":"if","locations":[{"start":{"line":315,"column":2},"end":{"line":320,"column":3}},{"start":{},"end":{}}],"line":315}},"s":{"0":0,"1":0,"2":0,"3":0,"4":0,"5":0,"6":0,"7":0,"8":0,"9":0,"10":0,"11":0,"12":0,"13":0,"14":0,"15":0,"16":0,"17":0,"18":0,"19":0,"20":0,"21":0,"22":0,"23":0,"24":0,"25":0,"26":0,"27":0,"28":0,"29":0,"30":0,"31":0,"32":0,"33":0,"34":0,"35":0,"36":0,"37":0,"38":0,"39":0,"40":0,"41":0,"42":0,"43":0,"44":0,"45":0,"46":0,"47":0,"48":0,"49":0,"50":0,"51":0,"52":0,"53":0,"54":0,"55":0,"56":0,"57":0,"58":0,"59":0,"60":0,"61":0,"62":0,"63":0,"64":0,"65":0,"66":0,"67":0,"68":0,"69":0,"70":0,"71":0,"72":0,"73":0,"74":0,"75":0,"76":0,"77":0,"78":0},"f":{"0":0,"1":0,"2":0,"3":0,"4":0},"b":{"0":[0,0],"1":[0,0],"2":[0,0],"3":[0,0],"4":[0,0],"5":[0,0],"6":[0,0],"7":[0,0],"8":[0,0],"9":[0,0],"10":[0,0],"11":[0,0],"12":[0,0]}}
,"/Users/israel/Documents/GitHub/Utalk-frontend/src/utils/logger.js": {"path":"/Users/israel/Documents/GitHub/Utalk-frontend/src/utils/logger.js","statementMap":{"0":{"start":{"line":7,"column":16},"end":{"line":7,"column":34}},"1":{"start":{"line":8,"column":15},"end":{"line":8,"column":35}},"2":{"start":{"line":11,"column":18},"end":{"line":16,"column":1}},"3":{"start":{"line":19,"column":15},"end":{"line":37,"column":2}},"4":{"start":{"line":40,"column":0},"end":{"line":47,"column":1}},"5":{"start":{"line":41,"column":2},"end":{"line":46,"column":6}},"6":{"start":{"line":50,"column":0},"end":{"line":54,"column":2}},"7":{"start":{"line":52,"column":4},"end":{"line":52,"column":32}},"8":{"start":{"line":57,"column":20},"end":{"line":122,"column":1}},"9":{"start":{"line":59,"column":4},"end":{"line":59,"column":31}},"10":{"start":{"line":63,"column":4},"end":{"line":71,"column":5}},"11":{"start":{"line":64,"column":6},"end":{"line":68,"column":9}},"12":{"start":{"line":70,"column":6},"end":{"line":70,"column":48}},"13":{"start":{"line":75,"column":4},"end":{"line":75,"column":31}},"14":{"start":{"line":79,"column":4},"end":{"line":79,"column":32}},"15":{"start":{"line":84,"column":4},"end":{"line":88,"column":7}},"16":{"start":{"line":93,"column":4},"end":{"line":99,"column":7}},"17":{"start":{"line":104,"column":4},"end":{"line":109,"column":7}},"18":{"start":{"line":114,"column":4},"end":{"line":120,"column":7}},"19":{"start":{"line":124,"column":0},"end":{"line":128,"column":2}}},"fnMap":{"0":{"name":"(anonymous_0)","decl":{"start":{"line":51,"column":9},"end":{"line":51,"column":10}},"loc":{"start":{"line":51,"column":22},"end":{"line":53,"column":3}},"line":51},"1":{"name":"(anonymous_1)","decl":{"start":{"line":58,"column":8},"end":{"line":58,"column":9}},"loc":{"start":{"line":58,"column":32},"end":{"line":60,"column":3}},"line":58},"2":{"name":"(anonymous_2)","decl":{"start":{"line":62,"column":9},"end":{"line":62,"column":10}},"loc":{"start":{"line":62,"column":47},"end":{"line":72,"column":3}},"line":62},"3":{"name":"(anonymous_3)","decl":{"start":{"line":74,"column":8},"end":{"line":74,"column":9}},"loc":{"start":{"line":74,"column":32},"end":{"line":76,"column":3}},"line":74},"4":{"name":"(anonymous_4)","decl":{"start":{"line":78,"column":9},"end":{"line":78,"column":10}},"loc":{"start":{"line":78,"column":33},"end":{"line":80,"column":3}},"line":78},"5":{"name":"(anonymous_5)","decl":{"start":{"line":83,"column":11},"end":{"line":83,"column":12}},"loc":{"start":{"line":83,"column":43},"end":{"line":89,"column":3}},"line":83},"6":{"name":"(anonymous_6)","decl":{"start":{"line":92,"column":11},"end":{"line":92,"column":12}},"loc":{"start":{"line":92,"column":41},"end":{"line":100,"column":3}},"line":92},"7":{"name":"(anonymous_7)","decl":{"start":{"line":103,"column":10},"end":{"line":103,"column":11}},"loc":{"start":{"line":103,"column":39},"end":{"line":110,"column":3}},"line":103},"8":{"name":"(anonymous_8)","decl":{"start":{"line":113,"column":16},"end":{"line":113,"column":17}},"loc":{"start":{"line":113,"column":51},"end":{"line":121,"column":3}},"line":113}},"branchMap":{"0":{"loc":{"start":{"line":40,"column":0},"end":{"line":47,"column":1}},"type":"if","locations":[{"start":{"line":40,"column":0},"end":{"line":47,"column":1}},{"start":{},"end":{}}],"line":40},"1":{"loc":{"start":{"line":58,"column":18},"end":{"line":58,"column":27}},"type":"default-arg","locations":[{"start":{"line":58,"column":25},"end":{"line":58,"column":27}}],"line":58},"2":{"loc":{"start":{"line":62,"column":19},"end":{"line":62,"column":31}},"type":"default-arg","locations":[{"start":{"line":62,"column":27},"end":{"line":62,"column":31}}],"line":62},"3":{"loc":{"start":{"line":62,"column":33},"end":{"line":62,"column":42}},"type":"default-arg","locations":[{"start":{"line":62,"column":40},"end":{"line":62,"column":42}}],"line":62},"4":{"loc":{"start":{"line":63,"column":4},"end":{"line":71,"column":5}},"type":"if","locations":[{"start":{"line":63,"column":4},"end":{"line":71,"column":5}},{"start":{"line":69,"column":11},"end":{"line":71,"column":5}}],"line":63},"5":{"loc":{"start":{"line":74,"column":18},"end":{"line":74,"column":27}},"type":"default-arg","locations":[{"start":{"line":74,"column":25},"end":{"line":74,"column":27}}],"line":74},"6":{"loc":{"start":{"line":78,"column":19},"end":{"line":78,"column":28}},"type":"default-arg","locations":[{"start":{"line":78,"column":26},"end":{"line":78,"column":28}}],"line":78},"7":{"loc":{"start":{"line":83,"column":29},"end":{"line":83,"column":38}},"type":"default-arg","locations":[{"start":{"line":83,"column":36},"end":{"line":83,"column":38}}],"line":83},"8":{"loc":{"start":{"line":92,"column":20},"end":{"line":92,"column":36}},"type":"default-arg","locations":[{"start":{"line":92,"column":34},"end":{"line":92,"column":36}}],"line":92},"9":{"loc":{"start":{"line":103,"column":19},"end":{"line":103,"column":34}},"type":"default-arg","locations":[{"start":{"line":103,"column":32},"end":{"line":103,"column":34}}],"line":103},"10":{"loc":{"start":{"line":113,"column":25},"end":{"line":113,"column":46}},"type":"default-arg","locations":[{"start":{"line":113,"column":44},"end":{"line":113,"column":46}}],"line":113}},"s":{"0":1,"1":1,"2":1,"3":1,"4":1,"5":1,"6":1,"7":0,"8":1,"9":0,"10":0,"11":0,"12":0,"13":0,"14":0,"15":0,"16":0,"17":0,"18":0,"19":1},"f":{"0":0,"1":0,"2":0,"3":0,"4":0,"5":0,"6":0,"7":0,"8":0},"b":{"0":[1,0],"1":[0],"2":[0],"3":[0],"4":[0,0],"5":[0],"6":[0],"7":[0],"8":[0],"9":[0],"10":[0]},"_coverageSchema":"1a1c01bbd47fc00a2c39e90264f33305004495a9","hash":"8251778767433caae773552cd8e3686c43e11f55"}
}
