TN:
SF:src/app.js
FN:77,(anonymous_0)
FN:90,(anonymous_1)
FN:111,(anonymous_2)
FNF:3
FNH:0
FNDA:0,(anonymous_0)
FNDA:0,(anonymous_1)
FNDA:0,(anonymous_2)
DA:7,0
DA:8,0
DA:9,0
DA:10,0
DA:12,0
DA:13,0
DA:14,0
DA:15,0
DA:16,0
DA:17,0
DA:20,0
DA:21,0
DA:24,0
DA:27,0
DA:28,0
DA:29,0
DA:30,0
DA:31,0
DA:32,0
DA:33,0
DA:34,0
DA:35,0
DA:36,0
DA:38,0
DA:41,0
DA:42,0
DA:46,0
DA:49,0
DA:66,0
DA:69,0
DA:72,0
DA:75,0
DA:79,0
DA:80,0
DA:84,0
DA:87,0
DA:90,0
DA:91,0
DA:99,0
DA:100,0
DA:101,0
DA:102,0
DA:103,0
DA:104,0
DA:105,0
DA:106,0
DA:107,0
DA:108,0
DA:111,0
DA:112,0
DA:121,0
DA:124,0
DA:126,0
LF:53
LH:0
BRDA:41,0,0,0
BRDA:41,0,1,0
BRDA:79,1,0,0
BRDA:79,1,1,0
BRDA:79,2,0,0
BRDA:79,2,1,0
BRF:6
BRH:0
end_of_record
TN:
SF:src/config.js
FN:15,(anonymous_0)
FN:18,(anonymous_1)
FNF:2
FNH:0
FNDA:0,(anonymous_0)
FNDA:0,(anonymous_1)
DA:7,1
DA:9,1
DA:17,0
DA:18,0
DA:22,0
DA:23,0
DA:26,0
DA:27,0
DA:29,0
LF:9
LH:2
BRDA:12,0,0,1
BRDA:12,0,1,0
BRDA:13,1,0,1
BRDA:13,1,1,0
BRDA:17,2,0,0
BRDA:17,2,1,0
BRDA:22,3,0,0
BRDA:22,3,1,0
BRDA:22,4,0,0
BRDA:22,4,1,0
BRDA:26,5,0,0
BRDA:26,5,1,0
BRDA:73,6,0,1
BRDA:73,6,1,0
BRDA:74,7,0,1
BRDA:74,7,1,1
BRDA:79,8,0,1
BRDA:79,8,1,0
BRDA:80,9,0,1
BRDA:80,9,1,0
BRDA:81,10,0,1
BRDA:81,10,1,0
BRDA:82,11,0,1
BRDA:82,11,1,0
BRDA:85,12,0,1
BRDA:85,12,1,0
BRDA:86,13,0,1
BRDA:86,13,1,0
BRDA:87,14,0,1
BRDA:87,14,1,0
BRDA:92,15,0,1
BRDA:92,15,1,1
BRDA:93,16,0,1
BRDA:93,16,1,1
BRDA:94,17,0,1
BRDA:94,17,1,1
BRF:36
BRH:18
end_of_record
TN:
SF:src/api/campaigns.js
FN:19,(anonymous_0)
FN:33,(anonymous_1)
FN:57,(anonymous_2)
FN:99,(anonymous_3)
FN:126,(anonymous_4)
FN:144,(anonymous_5)
FN:163,(anonymous_6)
FN:175,(anonymous_7)
FN:187,(anonymous_8)
FN:207,(anonymous_9)
FN:225,(anonymous_10)
FNF:11
FNH:0
FNDA:0,(anonymous_0)
FNDA:0,(anonymous_1)
FNDA:0,(anonymous_2)
FNDA:0,(anonymous_3)
FNDA:0,(anonymous_4)
FNDA:0,(anonymous_5)
FNDA:0,(anonymous_6)
FNDA:0,(anonymous_7)
FNDA:0,(anonymous_8)
FNDA:0,(anonymous_9)
FNDA:0,(anonymous_10)
DA:13,0
DA:14,0
DA:15,0
DA:16,0
DA:19,0
DA:20,0
DA:24,0
DA:33,0
DA:34,0
DA:57,0
DA:58,0
DA:99,0
DA:100,0
DA:126,0
DA:127,0
DA:144,0
DA:145,0
DA:163,0
DA:164,0
DA:175,0
DA:176,0
DA:187,0
DA:188,0
DA:207,0
DA:208,0
DA:225,0
DA:226,0
DA:244,0
LF:28
LH:0
BRF:0
BRH:0
end_of_record
TN:
SF:src/api/crm.js
FN:19,(anonymous_0)
FN:33,(anonymous_1)
FN:59,(anonymous_2)
FN:80,(anonymous_3)
FN:106,(anonymous_4)
FN:124,(anonymous_5)
FN:142,(anonymous_6)
FN:166,(anonymous_7)
FN:186,(anonymous_8)
FNF:9
FNH:0
FNDA:0,(anonymous_0)
FNDA:0,(anonymous_1)
FNDA:0,(anonymous_2)
FNDA:0,(anonymous_3)
FNDA:0,(anonymous_4)
FNDA:0,(anonymous_5)
FNDA:0,(anonymous_6)
FNDA:0,(anonymous_7)
FNDA:0,(anonymous_8)
DA:13,0
DA:14,0
DA:15,0
DA:16,0
DA:19,0
DA:20,0
DA:24,0
DA:33,0
DA:34,0
DA:59,0
DA:60,0
DA:80,0
DA:81,0
DA:106,0
DA:107,0
DA:124,0
DA:125,0
DA:142,0
DA:143,0
DA:166,0
DA:167,0
DA:186,0
DA:187,0
DA:204,0
LF:24
LH:0
BRF:0
BRH:0
end_of_record
TN:
SF:src/api/dashboard.js
FN:19,(anonymous_0)
FN:33,(anonymous_1)
FN:56,(anonymous_2)
FN:86,(anonymous_3)
FN:117,(anonymous_4)
FN:153,(anonymous_5)
FN:173,(anonymous_6)
FN:198,(anonymous_7)
FN:224,(anonymous_8)
FN:247,(anonymous_9)
FNF:10
FNH:0
FNDA:0,(anonymous_0)
FNDA:0,(anonymous_1)
FNDA:0,(anonymous_2)
FNDA:0,(anonymous_3)
FNDA:0,(anonymous_4)
FNDA:0,(anonymous_5)
FNDA:0,(anonymous_6)
FNDA:0,(anonymous_7)
FNDA:0,(anonymous_8)
FNDA:0,(anonymous_9)
DA:13,0
DA:14,0
DA:15,0
DA:16,0
DA:19,0
DA:20,0
DA:24,0
DA:33,0
DA:34,0
DA:56,0
DA:57,0
DA:86,0
DA:87,0
DA:117,0
DA:118,0
DA:153,0
DA:154,0
DA:173,0
DA:174,0
DA:198,0
DA:199,0
DA:224,0
DA:225,0
DA:247,0
DA:248,0
DA:266,0
LF:26
LH:0
BRF:0
BRH:0
end_of_record
TN:
SF:src/api/health.js
FN:18,(anonymous_0)
FN:32,(anonymous_1)
FN:71,(anonymous_2)
FN:75,(anonymous_3)
FN:79,(anonymous_4)
FN:113,(anonymous_5)
FN:131,(anonymous_6)
FN:149,(anonymous_7)
FN:166,checkFirebaseHealth
FN:217,checkTwilioHealth
FN:275,checkTokenSystemHealth
FN:309,checkSystemHealth
FN:351,checkLogsHealth
FN:399,getSystemMetrics
FN:444,(anonymous_14)
FNF:15
FNH:0
FNDA:0,(anonymous_0)
FNDA:0,(anonymous_1)
FNDA:0,(anonymous_2)
FNDA:0,(anonymous_3)
FNDA:0,(anonymous_4)
FNDA:0,(anonymous_5)
FNDA:0,(anonymous_6)
FNDA:0,(anonymous_7)
FNDA:0,checkFirebaseHealth
FNDA:0,checkTwilioHealth
FNDA:0,checkTokenSystemHealth
FNDA:0,checkSystemHealth
FNDA:0,checkLogsHealth
FNDA:0,getSystemMetrics
FNDA:0,(anonymous_14)
DA:7,0
DA:8,0
DA:9,0
DA:10,0
DA:11,0
DA:12,0
DA:18,0
DA:19,0
DA:32,0
DA:33,0
DA:34,0
DA:45,0
DA:47,0
DA:48,0
DA:51,0
DA:52,0
DA:55,0
DA:56,0
DA:59,0
DA:60,0
DA:63,0
DA:64,0
DA:67,0
DA:70,0
DA:71,0
DA:73,0
DA:74,0
DA:75,0
DA:79,0
DA:80,0
DA:81,0
DA:84,0
DA:86,0
DA:93,0
DA:96,0
DA:99,0
DA:101,0
DA:102,0
DA:103,0
DA:105,0
DA:113,0
DA:114,0
DA:115,0
DA:116,0
DA:118,0
DA:119,0
DA:131,0
DA:132,0
DA:133,0
DA:134,0
DA:136,0
DA:137,0
DA:149,0
DA:150,0
DA:151,0
DA:152,0
DA:154,0
DA:155,0
DA:167,0
DA:169,0
DA:170,0
DA:171,0
DA:174,0
DA:175,0
DA:181,0
DA:182,0
DA:183,0
DA:187,0
DA:189,0
DA:191,0
DA:204,0
DA:218,0
DA:220,0
DA:221,0
DA:222,0
DA:225,0
DA:228,0
DA:229,0
DA:230,0
DA:231,0
DA:237,0
DA:238,0
DA:239,0
DA:240,0
DA:245,0
DA:247,0
DA:262,0
DA:276,0
DA:277,0
DA:280,0
DA:281,0
DA:283,0
DA:296,0
DA:310,0
DA:311,0
DA:314,0
DA:322,0
DA:323,0
DA:325,0
DA:326,0
DA:328,0
DA:329,0
DA:330,0
DA:331,0
DA:332,0
DA:333,0
DA:336,0
DA:352,0
DA:353,0
DA:355,0
DA:356,0
DA:357,0
DA:359,0
DA:360,0
DA:362,0
DA:363,0
DA:364,0
DA:365,0
DA:366,0
DA:370,0
DA:374,0
DA:375,0
DA:377,0
DA:387,0
DA:400,0
DA:401,0
DA:402,0
DA:405,0
DA:406,0
DA:408,0
DA:409,0
DA:410,0
DA:411,0
DA:413,0
DA:418,0
DA:420,0
DA:432,0
DA:433,0
DA:444,0
DA:445,0
DA:446,0
DA:447,0
DA:453,0
DA:454,0
DA:462,0
LF:145
LH:0
BRDA:73,0,0,0
BRDA:73,0,1,0
BRDA:80,1,0,0
BRDA:80,1,1,0
BRDA:93,2,0,0
BRDA:93,2,1,0
BRDA:94,3,0,0
BRDA:94,3,1,0
BRDA:182,4,0,0
BRDA:182,4,1,0
BRDA:240,5,0,0
BRDA:240,5,1,0
BRDA:284,6,0,0
BRDA:284,6,1,0
BRDA:291,7,0,0
BRDA:291,7,1,0
BRDA:328,8,0,0
BRDA:328,8,1,0
BRDA:331,9,0,0
BRDA:331,9,1,0
BRDA:364,10,0,0
BRDA:364,10,1,0
BRDA:378,11,0,0
BRDA:378,11,1,0
BRDA:383,12,0,0
BRDA:383,12,1,0
BRF:26
BRH:0
end_of_record
TN:
SF:src/api/settings.js
FN:19,(anonymous_0)
FN:33,(anonymous_1)
FN:75,(anonymous_2)
FN:88,(anonymous_3)
FN:115,(anonymous_4)
FN:135,(anonymous_5)
FN:161,(anonymous_6)
FN:195,(anonymous_7)
FN:221,(anonymous_8)
FN:253,(anonymous_9)
FNF:10
FNH:0
FNDA:0,(anonymous_0)
FNDA:0,(anonymous_1)
FNDA:0,(anonymous_2)
FNDA:0,(anonymous_3)
FNDA:0,(anonymous_4)
FNDA:0,(anonymous_5)
FNDA:0,(anonymous_6)
FNDA:0,(anonymous_7)
FNDA:0,(anonymous_8)
FNDA:0,(anonymous_9)
DA:13,0
DA:14,0
DA:15,0
DA:16,0
DA:19,0
DA:20,0
DA:24,0
DA:33,0
DA:34,0
DA:75,0
DA:76,0
DA:88,0
DA:89,0
DA:115,0
DA:116,0
DA:135,0
DA:136,0
DA:161,0
DA:162,0
DA:195,0
DA:196,0
DA:221,0
DA:222,0
DA:253,0
DA:254,0
DA:272,0
LF:26
LH:0
BRF:0
BRH:0
end_of_record
TN:
SF:src/api/users.js
FN:22,(anonymous_0)
FN:118,(anonymous_1)
FNF:2
FNH:0
FNDA:0,(anonymous_0)
FNDA:0,(anonymous_1)
DA:13,0
DA:14,0
DA:15,0
DA:16,0
DA:17,0
DA:18,0
DA:19,0
DA:22,0
DA:23,0
DA:27,0
DA:35,0
DA:42,0
DA:49,0
DA:56,0
DA:63,0
DA:70,0
DA:77,0
DA:84,0
DA:91,0
DA:98,0
DA:105,0
DA:118,0
DA:119,0
DA:137,0
LF:24
LH:0
BRF:0
BRH:0
end_of_record
TN:
SF:src/api/channels/email.js
FN:17,(anonymous_0)
FN:30,(anonymous_1)
FN:51,(anonymous_2)
FN:71,(anonymous_3)
FN:88,(anonymous_4)
FNF:5
FNH:0
FNDA:0,(anonymous_0)
FNDA:0,(anonymous_1)
FNDA:0,(anonymous_2)
FNDA:0,(anonymous_3)
FNDA:0,(anonymous_4)
DA:12,0
DA:13,0
DA:14,0
DA:17,0
DA:18,0
DA:22,0
DA:30,0
DA:31,0
DA:51,0
DA:52,0
DA:71,0
DA:72,0
DA:88,0
DA:89,0
DA:105,0
LF:15
LH:0
BRF:0
BRH:0
end_of_record
TN:
SF:src/api/channels/facebook.js
FN:17,(anonymous_0)
FN:30,(anonymous_1)
FN:43,(anonymous_2)
FN:70,(anonymous_3)
FN:86,(anonymous_4)
FNF:5
FNH:0
FNDA:0,(anonymous_0)
FNDA:0,(anonymous_1)
FNDA:0,(anonymous_2)
FNDA:0,(anonymous_3)
FNDA:0,(anonymous_4)
DA:12,0
DA:13,0
DA:14,0
DA:17,0
DA:18,0
DA:22,0
DA:30,0
DA:31,0
DA:43,0
DA:44,0
DA:70,0
DA:71,0
DA:86,0
DA:87,0
DA:102,0
LF:15
LH:0
BRF:0
BRH:0
end_of_record
TN:
SF:src/api/channels/twilio.js
FN:17,(anonymous_0)
FN:31,(anonymous_1)
FN:41,(anonymous_2)
FN:51,(anonymous_3)
FN:60,(anonymous_4)
FN:68,(anonymous_5)
FNF:6
FNH:0
FNDA:0,(anonymous_0)
FNDA:0,(anonymous_1)
FNDA:0,(anonymous_2)
FNDA:0,(anonymous_3)
FNDA:0,(anonymous_4)
FNDA:0,(anonymous_5)
DA:7,0
DA:8,0
DA:9,0
DA:10,0
DA:11,0
DA:12,0
DA:13,0
DA:14,0
DA:17,0
DA:18,0
DA:22,0
DA:31,0
DA:32,0
DA:41,0
DA:42,0
DA:51,0
DA:52,0
DA:60,0
DA:61,0
DA:68,0
DA:69,0
DA:82,0
LF:22
LH:0
BRF:0
BRH:0
end_of_record
TN:
SF:src/api/channels/webchat.js
FN:17,(anonymous_0)
FN:30,(anonymous_1)
FN:57,(anonymous_2)
FN:78,(anonymous_3)
FN:102,(anonymous_4)
FN:119,(anonymous_5)
FN:150,(anonymous_6)
FNF:7
FNH:0
FNDA:0,(anonymous_0)
FNDA:0,(anonymous_1)
FNDA:0,(anonymous_2)
FNDA:0,(anonymous_3)
FNDA:0,(anonymous_4)
FNDA:0,(anonymous_5)
FNDA:0,(anonymous_6)
DA:12,0
DA:13,0
DA:14,0
DA:17,0
DA:18,0
DA:22,0
DA:30,0
DA:31,0
DA:57,0
DA:58,0
DA:78,0
DA:79,0
DA:102,0
DA:103,0
DA:119,0
DA:120,0
DA:150,0
DA:151,0
DA:167,0
LF:19
LH:0
BRF:0
BRH:0
end_of_record
TN:
SF:src/controllers/userController.js
FN:19,(anonymous_0)
FN:95,(anonymous_1)
FN:179,(anonymous_2)
FN:219,(anonymous_3)
FN:259,(anonymous_4)
FN:312,(anonymous_5)
FN:359,(anonymous_6)
FN:406,(anonymous_7)
FN:436,(anonymous_8)
FN:457,(anonymous_9)
FN:477,(anonymous_10)
FN:560,(anonymous_11)
FN:604,(anonymous_12)
FNF:13
FNH:0
FNDA:0,(anonymous_0)
FNDA:0,(anonymous_1)
FNDA:0,(anonymous_2)
FNDA:0,(anonymous_3)
FNDA:0,(anonymous_4)
FNDA:0,(anonymous_5)
FNDA:0,(anonymous_6)
FNDA:0,(anonymous_7)
FNDA:0,(anonymous_8)
FNDA:0,(anonymous_9)
FNDA:0,(anonymous_10)
FNDA:0,(anonymous_11)
FNDA:0,(anonymous_12)
DA:7,0
DA:8,0
DA:9,0
DA:10,0
DA:11,0
DA:12,0
DA:19,0
DA:20,0
DA:22,0
DA:29,0
DA:31,0
DA:40,0
DA:47,0
DA:65,0
DA:71,0
DA:72,0
DA:79,0
DA:80,0
DA:87,0
DA:95,0
DA:96,0
DA:98,0
DA:104,0
DA:106,0
DA:109,0
DA:111,0
DA:119,0
DA:127,0
DA:148,0
DA:155,0
DA:156,0
DA:163,0
DA:164,0
DA:171,0
DA:179,0
DA:180,0
DA:182,0
DA:187,0
DA:188,0
DA:190,0
DA:198,0
DA:203,0
DA:204,0
DA:211,0
DA:219,0
DA:220,0
DA:221,0
DA:223,0
DA:229,0
DA:230,0
DA:232,0
DA:237,0
DA:246,0
DA:251,0
DA:259,0
DA:260,0
DA:261,0
DA:263,0
DA:268,0
DA:269,0
DA:271,0
DA:276,0
DA:282,0
DA:288,0
DA:289,0
DA:296,0
DA:297,0
DA:304,0
DA:312,0
DA:313,0
DA:315,0
DA:321,0
DA:322,0
DA:323,0
DA:324,0
DA:325,0
DA:327,0
DA:328,0
DA:329,0
DA:331,0
DA:333,0
DA:346,0
DA:351,0
DA:359,0
DA:360,0
DA:361,0
DA:363,0
DA:369,0
DA:370,0
DA:372,0
DA:378,0
DA:384,0
DA:390,0
DA:391,0
DA:398,0
DA:406,0
DA:407,0
DA:411,0
DA:412,0
DA:414,0
DA:422,0
DA:427,0
DA:437,0
DA:446,0
DA:458,0
DA:459,0
DA:463,0
DA:464,0
DA:466,0
DA:467,0
DA:469,0
DA:477,0
DA:478,0
DA:480,0
DA:481,0
DA:486,0
DA:493,0
DA:495,0
DA:497,0
DA:502,0
DA:510,0
DA:521,0
DA:528,0
DA:532,0
DA:533,0
DA:540,0
DA:541,0
DA:548,0
DA:560,0
DA:561,0
DA:562,0
DA:564,0
DA:569,0
DA:571,0
DA:572,0
DA:576,0
DA:580,0
DA:586,0
DA:589,0
DA:593,0
DA:604,0
DA:605,0
DA:607,0
DA:612,0
DA:613,0
DA:616,0
DA:620,0
DA:626,0
DA:627,0
DA:632,0
LF:150
LH:0
BRDA:25,0,0,0
BRDA:25,0,1,0
BRDA:26,1,0,0
BRDA:26,1,1,0
BRDA:35,2,0,0
BRDA:35,2,1,0
BRDA:37,3,0,0
BRDA:37,3,1,0
BRDA:71,4,0,0
BRDA:71,4,1,0
BRDA:79,5,0,0
BRDA:79,5,1,0
BRDA:155,6,0,0
BRDA:155,6,1,0
BRDA:163,7,0,0
BRDA:163,7,1,0
BRDA:203,8,0,0
BRDA:203,8,1,0
BRDA:288,9,0,0
BRDA:288,9,1,0
BRDA:296,10,0,0
BRDA:296,10,1,0
BRDA:323,11,0,0
BRDA:323,11,1,0
BRDA:324,12,0,0
BRDA:324,12,1,0
BRDA:325,13,0,0
BRDA:325,13,1,0
BRDA:328,14,0,0
BRDA:328,14,1,0
BRDA:329,15,0,0
BRDA:329,15,1,0
BRDA:329,16,0,0
BRDA:329,16,1,0
BRDA:338,17,0,0
BRDA:338,17,1,0
BRDA:339,18,0,0
BRDA:339,18,1,0
BRDA:380,19,0,0
BRDA:380,19,1,0
BRDA:390,20,0,0
BRDA:390,20,1,0
BRDA:463,21,0,0
BRDA:463,21,1,0
BRDA:466,22,0,0
BRDA:466,22,1,0
BRDA:480,23,0,0
BRDA:480,23,1,0
BRDA:532,24,0,0
BRDA:532,24,1,0
BRDA:540,25,0,0
BRDA:540,25,1,0
BRDA:571,26,0,0
BRDA:571,26,1,0
BRF:54
BRH:0
end_of_record
TN:
SF:src/controllers/channels/twilioController.js
FN:19,(anonymous_0)
FN:71,(anonymous_1)
FN:135,(anonymous_2)
FN:190,(anonymous_3)
FN:206,(anonymous_4)
FN:240,(anonymous_5)
FN:273,(anonymous_6)
FN:307,(anonymous_7)
FNF:8
FNH:0
FNDA:0,(anonymous_0)
FNDA:0,(anonymous_1)
FNDA:0,(anonymous_2)
FNDA:0,(anonymous_3)
FNDA:0,(anonymous_4)
FNDA:0,(anonymous_5)
FNDA:0,(anonymous_6)
FNDA:0,(anonymous_7)
DA:7,0
DA:8,0
DA:9,0
DA:10,0
DA:11,0
DA:20,0
DA:22,0
DA:23,0
DA:25,0
DA:26,0
DA:27,0
DA:31,0
DA:33,0
DA:40,0
DA:43,0
DA:46,0
DA:49,0
DA:52,0
DA:61,0
DA:62,0
DA:72,0
DA:73,0
DA:75,0
DA:76,0
DA:80,0
DA:81,0
DA:82,0
DA:83,0
DA:84,0
DA:89,0
DA:92,0
DA:93,0
DA:94,0
DA:98,0
DA:116,0
DA:118,0
DA:125,0
DA:126,0
DA:136,0
DA:137,0
DA:139,0
DA:140,0
DA:144,0
DA:147,0
DA:148,0
DA:149,0
DA:153,0
DA:171,0
DA:173,0
DA:180,0
DA:181,0
DA:191,0
DA:192,0
DA:193,0
DA:194,0
DA:196,0
DA:197,0
DA:208,0
DA:210,0
DA:212,0
DA:227,0
DA:228,0
DA:231,0
DA:242,0
DA:244,0
DA:246,0
DA:256,0
DA:257,0
DA:263,0
DA:274,0
DA:293,0
DA:294,0
DA:299,0
DA:308,0
DA:309,0
DA:310,0
DA:316,0
DA:321,0
LF:78
LH:0
BRDA:25,0,0,0
BRDA:25,0,1,0
BRDA:75,1,0,0
BRDA:75,1,1,0
BRDA:75,2,0,0
BRDA:75,2,1,0
BRDA:81,3,0,0
BRDA:81,3,1,0
BRDA:83,4,0,0
BRDA:83,4,1,0
BRDA:93,5,0,0
BRDA:93,5,1,0
BRDA:99,6,0,0
BRDA:99,6,1,0
BRDA:112,7,0,0
BRDA:112,7,1,0
BRDA:139,8,0,0
BRDA:139,8,1,0
BRDA:139,9,0,0
BRDA:139,9,1,0
BRDA:148,10,0,0
BRDA:148,10,1,0
BRDA:154,11,0,0
BRDA:154,11,1,0
BRDA:167,12,0,0
BRDA:167,12,1,0
BRDA:210,13,0,0
BRDA:210,13,1,0
BRDA:213,14,0,0
BRDA:213,14,1,0
BRDA:244,15,0,0
BRDA:244,15,1,0
BRDA:278,16,0,0
BRDA:278,16,1,0
BRDA:283,17,0,0
BRDA:283,17,1,0
BRF:36
BRH:0
end_of_record
TN:
SF:src/middlewares/auth.js
FN:16,(anonymous_0)
FN:168,(anonymous_1)
FN:169,(anonymous_2)
FN:220,(anonymous_3)
FN:221,(anonymous_4)
FN:255,(anonymous_5)
FN:303,(anonymous_6)
FN:304,(anonymous_7)
FNF:8
FNH:0
FNDA:0,(anonymous_0)
FNDA:0,(anonymous_1)
FNDA:0,(anonymous_2)
FNDA:0,(anonymous_3)
FNDA:0,(anonymous_4)
FNDA:0,(anonymous_5)
FNDA:0,(anonymous_6)
FNDA:0,(anonymous_7)
DA:7,0
DA:8,0
DA:9,0
DA:10,0
DA:16,0
DA:17,0
DA:19,0
DA:21,0
DA:22,0
DA:28,0
DA:36,0
DA:37,0
DA:38,0
DA:45,0
DA:52,0
DA:56,0
DA:57,0
DA:61,0
DA:68,0
DA:69,0
DA:76,0
DA:77,0
DA:84,0
DA:92,0
DA:93,0
DA:94,0
DA:101,0
DA:108,0
DA:109,0
DA:117,0
DA:125,0
DA:128,0
DA:137,0
DA:145,0
DA:148,0
DA:155,0
DA:168,0
DA:169,0
DA:170,0
DA:171,0
DA:177,0
DA:184,0
DA:186,0
DA:187,0
DA:196,0
DA:203,0
DA:211,0
DA:220,0
DA:221,0
DA:222,0
DA:223,0
DA:230,0
DA:231,0
DA:240,0
DA:247,0
DA:255,0
DA:256,0
DA:257,0
DA:259,0
DA:260,0
DA:263,0
DA:264,0
DA:265,0
DA:268,0
DA:270,0
DA:271,0
DA:275,0
DA:276,0
DA:277,0
DA:290,0
DA:292,0
DA:293,0
DA:303,0
DA:304,0
DA:305,0
DA:306,0
DA:314,0
DA:315,0
DA:318,0
DA:319,0
DA:321,0
DA:322,0
DA:331,0
DA:338,0
DA:342,0
LF:85
LH:0
BRDA:21,0,0,0
BRDA:21,0,1,0
BRDA:37,1,0,0
BRDA:37,1,1,0
BRDA:37,2,0,0
BRDA:37,2,1,0
BRDA:68,3,0,0
BRDA:68,3,1,0
BRDA:76,4,0,0
BRDA:76,4,1,0
BRDA:93,5,0,0
BRDA:93,5,1,0
BRDA:108,6,0,0
BRDA:108,6,1,0
BRDA:170,7,0,0
BRDA:170,7,1,0
BRDA:184,8,0,0
BRDA:184,8,1,0
BRDA:186,9,0,0
BRDA:186,9,1,0
BRDA:222,10,0,0
BRDA:222,10,1,0
BRDA:230,11,0,0
BRDA:230,11,1,0
BRDA:259,12,0,0
BRDA:259,12,1,0
BRDA:264,13,0,0
BRDA:264,13,1,0
BRDA:264,14,0,0
BRDA:264,14,1,0
BRDA:276,15,0,0
BRDA:276,15,1,0
BRDA:276,16,0,0
BRDA:276,16,1,0
BRDA:303,17,0,0
BRDA:305,18,0,0
BRDA:305,18,1,0
BRDA:314,19,0,0
BRDA:314,19,1,0
BRDA:319,20,0,0
BRDA:319,20,1,0
BRDA:321,21,0,0
BRDA:321,21,1,0
BRDA:321,22,0,0
BRDA:321,22,1,0
BRF:45
BRH:0
end_of_record
TN:
SF:src/middlewares/errorHandler.js
FN:14,(anonymous_0)
FN:21,(anonymous_1)
FN:42,(anonymous_2)
FN:56,(anonymous_3)
FN:92,(anonymous_4)
FN:234,(anonymous_5)
FN:245,(anonymous_6)
FN:246,(anonymous_7)
FN:258,(anonymous_8)
FNF:9
FNH:0
FNDA:0,(anonymous_0)
FNDA:0,(anonymous_1)
FNDA:0,(anonymous_2)
FNDA:0,(anonymous_3)
FNDA:0,(anonymous_4)
FNDA:0,(anonymous_5)
FNDA:0,(anonymous_6)
FNDA:0,(anonymous_7)
FNDA:0,(anonymous_8)
DA:8,0
DA:9,0
DA:14,0
DA:15,0
DA:21,0
DA:23,0
DA:37,0
DA:38,0
DA:42,0
DA:43,0
DA:46,0
DA:56,0
DA:58,0
DA:59,0
DA:62,0
DA:63,0
DA:66,0
DA:81,0
DA:82,0
DA:83,0
DA:86,0
DA:87,0
DA:88,0
DA:89,0
DA:91,0
DA:92,0
DA:97,0
DA:98,0
DA:99,0
DA:100,0
DA:103,0
DA:104,0
DA:105,0
DA:106,0
DA:110,0
DA:111,0
DA:112,0
DA:113,0
DA:117,0
DA:118,0
DA:119,0
DA:120,0
DA:124,0
DA:125,0
DA:126,0
DA:127,0
DA:130,0
DA:139,0
DA:140,0
DA:141,0
DA:142,0
DA:146,0
DA:147,0
DA:148,0
DA:149,0
DA:153,0
DA:154,0
DA:155,0
DA:156,0
DA:160,0
DA:161,0
DA:162,0
DA:163,0
DA:167,0
DA:168,0
DA:169,0
DA:170,0
DA:174,0
DA:185,0
DA:188,0
DA:202,0
DA:203,0
DA:211,0
DA:212,0
DA:225,0
DA:234,0
DA:235,0
DA:236,0
DA:237,0
DA:245,0
DA:246,0
DA:247,0
DA:258,0
DA:259,0
DA:260,0
DA:261,0
DA:262,0
DA:265,0
LF:88
LH:0
BRDA:37,0,0,0
BRDA:37,0,1,0
BRDA:42,1,0,0
BRDA:42,1,1,0
BRDA:42,2,0,0
BRDA:42,2,1,0
BRDA:58,3,0,0
BRDA:58,3,1,0
BRDA:86,4,0,0
BRDA:86,4,1,0
BRDA:86,5,0,0
BRDA:86,5,1,0
BRDA:91,6,0,0
BRDA:91,6,1,0
BRDA:91,7,0,0
BRDA:91,7,1,0
BRDA:97,8,0,0
BRDA:97,8,1,0
BRDA:103,9,0,0
BRDA:103,9,1,0
BRDA:110,10,0,0
BRDA:110,10,1,0
BRDA:110,11,0,0
BRDA:110,11,1,0
BRDA:117,12,0,0
BRDA:117,12,1,0
BRDA:117,13,0,0
BRDA:117,13,1,0
BRDA:124,14,0,0
BRDA:124,14,1,0
BRDA:124,15,0,0
BRDA:124,15,1,0
BRDA:124,15,2,0
BRDA:139,16,0,0
BRDA:139,16,1,0
BRDA:139,17,0,0
BRDA:139,17,1,0
BRDA:146,18,0,0
BRDA:146,18,1,0
BRDA:146,19,0,0
BRDA:146,19,1,0
BRDA:153,20,0,0
BRDA:153,20,1,0
BRDA:153,21,0,0
BRDA:153,21,1,0
BRDA:160,22,0,0
BRDA:160,22,1,0
BRDA:160,23,0,0
BRDA:160,23,1,0
BRDA:160,23,2,0
BRDA:167,24,0,0
BRDA:167,24,1,0
BRDA:167,25,0,0
BRDA:167,25,1,0
BRDA:178,26,0,0
BRDA:178,26,1,0
BRDA:194,27,0,0
BRDA:194,27,1,0
BRDA:202,28,0,0
BRDA:202,28,1,0
BRDA:211,29,0,0
BRDA:211,29,1,0
BRDA:258,30,0,0
BRDA:258,31,0,0
BRF:64
BRH:0
end_of_record
TN:
SF:src/middlewares/rateLimiting.js
FN:26,(anonymous_0)
FN:51,(anonymous_1)
FN:63,(anonymous_2)
FN:95,(anonymous_3)
FN:126,(anonymous_4)
FN:151,(anonymous_5)
FN:175,(anonymous_6)
FN:199,(anonymous_7)
FN:210,(anonymous_8)
FN:231,(anonymous_9)
FN:237,(anonymous_10)
FN:244,(anonymous_11)
FNF:12
FNH:0
FNDA:0,(anonymous_0)
FNDA:0,(anonymous_1)
FNDA:0,(anonymous_2)
FNDA:0,(anonymous_3)
FNDA:0,(anonymous_4)
FNDA:0,(anonymous_5)
FNDA:0,(anonymous_6)
FNDA:0,(anonymous_7)
FNDA:0,(anonymous_8)
FNDA:0,(anonymous_9)
FNDA:0,(anonymous_10)
FNDA:0,(anonymous_11)
DA:6,0
DA:7,0
DA:8,0
DA:14,0
DA:27,0
DA:34,0
DA:47,0
DA:53,0
DA:64,0
DA:71,0
DA:84,0
DA:96,0
DA:103,0
DA:116,0
DA:127,0
DA:133,0
DA:145,0
DA:152,0
DA:164,0
DA:176,0
DA:183,0
DA:196,0
DA:200,0
DA:211,0
DA:219,0
DA:231,0
DA:232,0
DA:237,0
DA:245,0
DA:252,0
DA:262,0
LF:31
LH:0
BRDA:53,0,0,0
BRDA:53,0,1,0
BRDA:200,1,0,0
BRDA:200,1,1,0
BRDA:233,2,0,0
BRDA:233,2,1,0
BRDA:234,3,0,0
BRDA:234,3,1,0
BRDA:237,4,0,0
BRDA:237,4,1,0
BRDA:240,5,0,0
BRDA:240,5,1,0
BRDA:241,6,0,0
BRDA:241,6,1,0
BRDA:254,7,0,0
BRDA:254,7,1,0
BRDA:255,8,0,0
BRDA:255,8,1,0
BRF:18
BRH:0
end_of_record
TN:
SF:src/middlewares/twilioSecurity.js
FN:14,(anonymous_0)
FN:96,(anonymous_1)
FN:100,(anonymous_2)
FN:104,(anonymous_3)
FN:116,(anonymous_4)
FN:127,(anonymous_5)
FNF:6
FNH:0
FNDA:0,(anonymous_0)
FNDA:0,(anonymous_1)
FNDA:0,(anonymous_2)
FNDA:0,(anonymous_3)
FNDA:0,(anonymous_4)
FNDA:0,(anonymous_5)
DA:6,0
DA:7,0
DA:8,0
DA:14,0
DA:15,0
DA:16,0
DA:17,0
DA:18,0
DA:20,0
DA:21,0
DA:27,0
DA:34,0
DA:35,0
DA:36,0
DA:44,0
DA:49,0
DA:52,0
DA:57,0
DA:58,0
DA:66,0
DA:73,0
DA:78,0
DA:80,0
DA:85,0
DA:96,0
DA:97,0
DA:98,0
DA:100,0
DA:101,0
DA:104,0
DA:105,0
DA:106,0
DA:109,0
DA:116,0
DA:119,0
DA:120,0
DA:122,0
DA:123,0
DA:126,0
DA:127,0
DA:129,0
DA:130,0
DA:136,0
DA:143,0
DA:144,0
DA:146,0
DA:149,0
LF:47
LH:0
BRDA:18,0,0,0
BRDA:18,0,1,0
BRDA:20,1,0,0
BRDA:20,1,1,0
BRDA:34,2,0,0
BRDA:34,2,1,0
BRDA:57,3,0,0
BRDA:57,3,1,0
BRDA:97,4,0,0
BRDA:97,4,1,0
BRDA:122,5,0,0
BRDA:122,5,1,0
BRDA:126,6,0,0
BRDA:126,6,1,0
BRDA:129,7,0,0
BRDA:129,7,1,0
BRF:16
BRH:0
end_of_record
TN:
SF:src/middlewares/validation.js
FN:16,(anonymous_0)
FN:17,(anonymous_1)
FN:27,(anonymous_2)
FN:41,(anonymous_3)
FN:490,(anonymous_4)
FN:577,(anonymous_5)
FN:578,(anonymous_6)
FNF:7
FNH:0
FNDA:0,(anonymous_0)
FNDA:0,(anonymous_1)
FNDA:0,(anonymous_2)
FNDA:0,(anonymous_3)
FNDA:0,(anonymous_4)
FNDA:0,(anonymous_5)
FNDA:0,(anonymous_6)
DA:7,0
DA:8,0
DA:16,0
DA:17,0
DA:18,0
DA:24,0
DA:25,0
DA:27,0
DA:37,0
DA:41,0
DA:49,0
DA:50,0
DA:57,0
DA:134,0
DA:186,0
DA:231,0
DA:298,0
DA:373,0
DA:409,0
DA:451,0
DA:490,0
DA:491,0
DA:492,0
DA:499,0
DA:500,0
DA:507,0
DA:521,0
DA:522,0
DA:523,0
DA:524,0
DA:525,0
DA:529,0
DA:530,0
DA:537,0
DA:546,0
DA:547,0
DA:555,0
DA:565,0
DA:566,0
DA:568,0
DA:577,0
DA:578,0
DA:579,0
DA:581,0
DA:589,0
DA:590,0
DA:593,0
DA:594,0
DA:595,0
DA:596,0
DA:598,0
DA:601,0
DA:604,0
DA:605,0
DA:606,0
DA:608,0
DA:611,0
LF:57
LH:0
BRDA:16,0,0,0
BRDA:24,1,0,0
BRDA:24,1,1,0
BRDA:491,2,0,0
BRDA:491,2,1,0
BRDA:523,3,0,0
BRDA:523,3,1,0
BRDA:529,4,0,0
BRDA:529,4,1,0
BRDA:546,5,0,0
BRDA:546,5,1,0
BRDA:579,6,0,0
BRDA:579,6,1,0
BRDA:589,7,0,0
BRDA:589,7,1,0
BRDA:593,8,0,0
BRDA:593,8,1,0
BRDA:593,9,0,0
BRDA:593,9,1,0
BRF:19
BRH:0
end_of_record
TN:
SF:src/models/clientModel.js
FN:11,(anonymous_0)
FN:20,(anonymous_1)
FN:92,(anonymous_2)
FN:136,(anonymous_3)
FN:148,(anonymous_4)
FN:168,(anonymous_5)
FN:187,(anonymous_6)
FN:201,(anonymous_7)
FN:234,(anonymous_8)
FN:242,(anonymous_9)
FN:261,(anonymous_10)
FN:271,(anonymous_11)
FNF:12
FNH:0
FNDA:0,(anonymous_0)
FNDA:0,(anonymous_1)
FNDA:0,(anonymous_2)
FNDA:0,(anonymous_3)
FNDA:0,(anonymous_4)
FNDA:0,(anonymous_5)
FNDA:0,(anonymous_6)
FNDA:0,(anonymous_7)
FNDA:0,(anonymous_8)
FNDA:0,(anonymous_9)
FNDA:0,(anonymous_10)
FNDA:0,(anonymous_11)
DA:7,0
DA:8,0
DA:12,0
DA:21,0
DA:77,0
DA:80,0
DA:81,0
DA:83,0
DA:95,0
DA:97,0
DA:101,0
DA:103,0
DA:107,0
DA:109,0
DA:113,0
DA:115,0
DA:119,0
DA:121,0
DA:124,0
DA:125,0
DA:127,0
DA:128,0
DA:137,0
DA:138,0
DA:139,0
DA:149,0
DA:151,0
DA:156,0
DA:158,0
DA:159,0
DA:169,0
DA:170,0
DA:188,0
DA:189,0
DA:202,0
DA:205,0
DA:206,0
DA:210,0
DA:211,0
DA:214,0
DA:215,0
DA:218,0
DA:219,0
DA:223,0
DA:225,0
DA:226,0
DA:229,0
DA:230,0
DA:233,0
DA:234,0
DA:243,0
DA:244,0
DA:247,0
DA:248,0
DA:251,0
DA:252,0
DA:262,0
DA:263,0
DA:272,0
DA:273,0
DA:277,0
LF:61
LH:0
BRDA:23,0,0,0
BRDA:23,0,1,0
BRDA:24,1,0,0
BRDA:24,1,1,0
BRDA:25,2,0,0
BRDA:25,2,1,0
BRDA:26,3,0,0
BRDA:26,3,1,0
BRDA:29,4,0,0
BRDA:29,4,1,0
BRDA:30,5,0,0
BRDA:30,5,1,0
BRDA:33,6,0,0
BRDA:33,6,1,0
BRDA:34,7,0,0
BRDA:34,7,1,0
BRDA:37,8,0,0
BRDA:37,8,1,0
BRDA:38,9,0,0
BRDA:38,9,1,0
BRDA:41,10,0,0
BRDA:41,10,1,0
BRDA:42,11,0,0
BRDA:42,11,1,0
BRDA:46,12,0,0
BRDA:46,12,1,0
BRDA:47,13,0,0
BRDA:47,13,1,0
BRDA:48,14,0,0
BRDA:48,14,1,0
BRDA:49,15,0,0
BRDA:49,15,1,0
BRDA:50,16,0,0
BRDA:50,16,1,0
BRDA:51,17,0,0
BRDA:51,17,1,0
BRDA:52,18,0,0
BRDA:52,18,1,0
BRDA:55,19,0,0
BRDA:55,19,1,0
BRDA:56,20,0,0
BRDA:56,20,1,0
BRDA:57,21,0,0
BRDA:57,21,1,0
BRDA:58,22,0,0
BRDA:58,22,1,0
BRDA:95,23,0,0
BRDA:95,23,1,0
BRDA:95,23,2,0
BRDA:95,23,3,0
BRDA:95,23,4,0
BRDA:125,24,0,0
BRDA:125,24,1,0
BRDA:138,25,0,0
BRDA:138,25,1,0
BRDA:173,26,0,0
BRDA:173,26,1,0
BRDA:201,27,0,0
BRDA:201,28,0,0
BRDA:205,29,0,0
BRDA:205,29,1,0
BRDA:210,30,0,0
BRDA:210,30,1,0
BRDA:214,31,0,0
BRDA:214,31,1,0
BRDA:218,32,0,0
BRDA:218,32,1,0
BRDA:218,33,0,0
BRDA:218,33,1,0
BRDA:225,34,0,0
BRDA:225,34,1,0
BRDA:229,35,0,0
BRDA:229,35,1,0
BRDA:243,36,0,0
BRDA:243,36,1,0
BRDA:243,37,0,0
BRDA:243,37,1,0
BRDA:247,38,0,0
BRDA:247,38,1,0
BRDA:247,39,0,0
BRDA:247,39,1,0
BRDA:251,40,0,0
BRDA:251,40,1,0
BRDA:251,41,0,0
BRDA:251,41,1,0
BRF:85
BRH:0
end_of_record
TN:
SF:src/models/conversationModel.js
FN:12,(anonymous_0)
FN:21,(anonymous_1)
FN:74,(anonymous_2)
FN:95,(anonymous_3)
FN:107,(anonymous_4)
FN:133,(anonymous_5)
FN:142,(anonymous_6)
FN:181,(anonymous_7)
FN:190,(anonymous_8)
FN:210,(anonymous_9)
FN:227,(anonymous_10)
FN:244,(anonymous_11)
FN:259,(anonymous_12)
FN:292,(anonymous_13)
FN:307,(anonymous_14)
FN:321,(anonymous_15)
FN:335,(anonymous_16)
FN:348,(anonymous_17)
FN:352,(anonymous_18)
FN:356,(anonymous_19)
FN:360,(anonymous_20)
FN:364,(anonymous_21)
FN:365,(anonymous_22)
FN:374,(anonymous_23)
FNF:24
FNH:0
FNDA:0,(anonymous_0)
FNDA:0,(anonymous_1)
FNDA:0,(anonymous_2)
FNDA:0,(anonymous_3)
FNDA:0,(anonymous_4)
FNDA:0,(anonymous_5)
FNDA:0,(anonymous_6)
FNDA:0,(anonymous_7)
FNDA:0,(anonymous_8)
FNDA:0,(anonymous_9)
FNDA:0,(anonymous_10)
FNDA:0,(anonymous_11)
FNDA:0,(anonymous_12)
FNDA:0,(anonymous_13)
FNDA:0,(anonymous_14)
FNDA:0,(anonymous_15)
FNDA:0,(anonymous_16)
FNDA:0,(anonymous_17)
FNDA:0,(anonymous_18)
FNDA:0,(anonymous_19)
FNDA:0,(anonymous_20)
FNDA:0,(anonymous_21)
FNDA:0,(anonymous_22)
FNDA:0,(anonymous_23)
DA:8,0
DA:9,0
DA:13,0
DA:22,0
DA:59,0
DA:62,0
DA:63,0
DA:65,0
DA:75,0
DA:83,0
DA:84,0
DA:86,0
DA:87,0
DA:96,0
DA:97,0
DA:98,0
DA:108,0
DA:113,0
DA:114,0
DA:117,0
DA:118,0
DA:122,0
DA:124,0
DA:125,0
DA:128,0
DA:129,0
DA:132,0
DA:133,0
DA:143,0
DA:146,0
DA:147,0
DA:150,0
DA:151,0
DA:154,0
DA:155,0
DA:158,0
DA:159,0
DA:162,0
DA:163,0
DA:167,0
DA:168,0
DA:169,0
DA:172,0
DA:173,0
DA:176,0
DA:177,0
DA:180,0
DA:181,0
DA:191,0
DA:193,0
DA:198,0
DA:200,0
DA:201,0
DA:211,0
DA:219,0
DA:228,0
DA:235,0
DA:245,0
DA:250,0
DA:260,0
DA:261,0
DA:267,0
DA:268,0
DA:271,0
DA:272,0
DA:275,0
DA:276,0
DA:279,0
DA:280,0
DA:283,0
DA:293,0
DA:294,0
DA:295,0
DA:308,0
DA:309,0
DA:310,0
DA:322,0
DA:327,0
DA:336,0
DA:339,0
DA:340,0
DA:343,0
DA:344,0
DA:347,0
DA:348,0
DA:350,0
DA:353,0
DA:354,0
DA:357,0
DA:358,0
DA:361,0
DA:362,0
DA:364,0
DA:365,0
DA:375,0
DA:377,0
DA:378,0
DA:379,0
DA:383,0
DA:384,0
DA:385,0
DA:388,0
DA:389,0
DA:390,0
DA:393,0
DA:394,0
DA:395,0
DA:400,0
LF:108
LH:0
BRDA:26,0,0,0
BRDA:26,0,1,0
BRDA:27,1,0,0
BRDA:27,1,1,0
BRDA:28,2,0,0
BRDA:28,2,1,0
BRDA:30,3,0,0
BRDA:30,3,1,0
BRDA:31,4,0,0
BRDA:31,4,1,0
BRDA:32,5,0,0
BRDA:32,5,1,0
BRDA:33,6,0,0
BRDA:33,6,1,0
BRDA:34,7,0,0
BRDA:34,7,1,0
BRDA:35,8,0,0
BRDA:35,8,1,0
BRDA:36,9,0,0
BRDA:36,9,1,0
BRDA:37,10,0,0
BRDA:37,10,1,0
BRDA:84,11,0,0
BRDA:84,11,1,0
BRDA:97,12,0,0
BRDA:97,12,1,0
BRDA:107,13,0,0
BRDA:113,14,0,0
BRDA:113,14,1,0
BRDA:117,15,0,0
BRDA:117,15,1,0
BRDA:124,16,0,0
BRDA:124,16,1,0
BRDA:128,17,0,0
BRDA:128,17,1,0
BRDA:142,18,0,0
BRDA:142,19,0,0
BRDA:146,20,0,0
BRDA:146,20,1,0
BRDA:150,21,0,0
BRDA:150,21,1,0
BRDA:154,22,0,0
BRDA:154,22,1,0
BRDA:158,23,0,0
BRDA:158,23,1,0
BRDA:162,24,0,0
BRDA:162,24,1,0
BRDA:162,25,0,0
BRDA:162,25,1,0
BRDA:167,26,0,0
BRDA:167,26,1,0
BRDA:168,27,0,0
BRDA:168,27,1,0
BRDA:172,28,0,0
BRDA:172,28,1,0
BRDA:176,29,0,0
BRDA:176,29,1,0
BRDA:210,30,0,0
BRDA:267,31,0,0
BRDA:267,31,1,0
BRDA:271,32,0,0
BRDA:271,32,1,0
BRDA:275,33,0,0
BRDA:275,33,1,0
BRDA:279,34,0,0
BRDA:279,34,1,0
BRDA:335,35,0,0
BRDA:339,36,0,0
BRDA:339,36,1,0
BRDA:343,37,0,0
BRDA:343,37,1,0
BRDA:353,38,0,0
BRDA:353,38,1,0
BRDA:357,39,0,0
BRDA:357,39,1,0
BRDA:361,40,0,0
BRDA:361,40,1,0
BRDA:378,41,0,0
BRDA:378,41,1,0
BRDA:384,42,0,0
BRDA:384,42,1,0
BRDA:389,43,0,0
BRDA:389,43,1,0
BRDA:394,44,0,0
BRDA:394,44,1,0
BRF:85
BRH:0
end_of_record
TN:
SF:src/models/messageModel.js
FN:11,(anonymous_0)
FN:20,(anonymous_1)
FN:67,(anonymous_2)
FN:82,(anonymous_3)
FN:91,(anonymous_4)
FN:105,(anonymous_5)
FN:119,(anonymous_6)
FN:149,(anonymous_7)
FN:154,(anonymous_8)
FN:155,(anonymous_9)
FN:156,(anonymous_10)
FN:157,(anonymous_11)
FNF:12
FNH:0
FNDA:0,(anonymous_0)
FNDA:0,(anonymous_1)
FNDA:0,(anonymous_2)
FNDA:0,(anonymous_3)
FNDA:0,(anonymous_4)
FNDA:0,(anonymous_5)
FNDA:0,(anonymous_6)
FNDA:0,(anonymous_7)
FNDA:0,(anonymous_8)
FNDA:0,(anonymous_9)
FNDA:0,(anonymous_10)
FNDA:0,(anonymous_11)
DA:7,0
DA:8,0
DA:12,0
DA:21,0
DA:52,0
DA:55,0
DA:56,0
DA:58,0
DA:68,0
DA:73,0
DA:74,0
DA:77,0
DA:78,0
DA:81,0
DA:82,0
DA:92,0
DA:93,0
DA:106,0
DA:107,0
DA:120,0
DA:122,0
DA:123,0
DA:124,0
DA:128,0
DA:129,0
DA:130,0
DA:133,0
DA:134,0
DA:135,0
DA:138,0
DA:139,0
DA:140,0
DA:150,0
DA:152,0
DA:154,0
DA:155,0
DA:156,0
DA:158,0
DA:159,0
DA:165,0
LF:40
LH:0
BRDA:26,0,0,0
BRDA:26,0,1,0
BRDA:32,1,0,0
BRDA:32,1,1,0
BRDA:38,2,0,0
BRDA:38,2,1,0
BRDA:39,3,0,0
BRDA:39,3,1,0
BRDA:40,4,0,0
BRDA:40,4,1,0
BRDA:67,5,0,0
BRDA:73,6,0,0
BRDA:73,6,1,0
BRDA:77,7,0,0
BRDA:77,7,1,0
BRDA:95,8,0,0
BRDA:95,8,1,0
BRDA:123,9,0,0
BRDA:123,9,1,0
BRDA:129,10,0,0
BRDA:129,10,1,0
BRDA:134,11,0,0
BRDA:134,11,1,0
BRDA:139,12,0,0
BRDA:139,12,1,0
BRDA:158,13,0,0
BRDA:158,13,1,0
BRF:27
BRH:0
end_of_record
TN:
SF:src/models/userModel.js
FN:13,(anonymous_0)
FN:21,(anonymous_1)
FN:38,(anonymous_2)
FN:50,(anonymous_3)
FN:112,(anonymous_4)
FN:145,(anonymous_5)
FN:164,(anonymous_6)
FN:200,(anonymous_7)
FN:215,(anonymous_8)
FN:231,(anonymous_9)
FN:247,(anonymous_10)
FN:258,(anonymous_11)
FN:276,(anonymous_12)
FN:312,(anonymous_13)
FN:341,(anonymous_14)
FN:353,(anonymous_15)
FN:371,(anonymous_16)
FN:410,(anonymous_17)
FN:418,(anonymous_18)
FN:420,(anonymous_19)
FN:424,(anonymous_20)
FN:425,(anonymous_21)
FN:426,(anonymous_22)
FN:430,(anonymous_23)
FN:434,(anonymous_24)
FN:448,(anonymous_25)
FNF:26
FNH:0
FNDA:0,(anonymous_0)
FNDA:0,(anonymous_1)
FNDA:0,(anonymous_2)
FNDA:0,(anonymous_3)
FNDA:0,(anonymous_4)
FNDA:0,(anonymous_5)
FNDA:0,(anonymous_6)
FNDA:0,(anonymous_7)
FNDA:0,(anonymous_8)
FNDA:0,(anonymous_9)
FNDA:0,(anonymous_10)
FNDA:0,(anonymous_11)
FNDA:0,(anonymous_12)
FNDA:0,(anonymous_13)
FNDA:0,(anonymous_14)
FNDA:0,(anonymous_15)
FNDA:0,(anonymous_16)
FNDA:0,(anonymous_17)
FNDA:0,(anonymous_18)
FNDA:0,(anonymous_19)
FNDA:0,(anonymous_20)
FNDA:0,(anonymous_21)
FNDA:0,(anonymous_22)
FNDA:0,(anonymous_23)
FNDA:0,(anonymous_24)
FNDA:0,(anonymous_25)
DA:7,0
DA:8,0
DA:9,0
DA:10,0
DA:14,0
DA:15,0
DA:22,0
DA:39,0
DA:52,0
DA:53,0
DA:54,0
DA:58,0
DA:59,0
DA:60,0
DA:64,0
DA:67,0
DA:98,0
DA:99,0
DA:102,0
DA:103,0
DA:114,0
DA:119,0
DA:120,0
DA:121,0
DA:122,0
DA:126,0
DA:131,0
DA:132,0
DA:133,0
DA:134,0
DA:137,0
DA:146,0
DA:151,0
DA:152,0
DA:154,0
DA:155,0
DA:166,0
DA:167,0
DA:168,0
DA:172,0
DA:173,0
DA:174,0
DA:178,0
DA:179,0
DA:180,0
DA:184,0
DA:185,0
DA:189,0
DA:192,0
DA:193,0
DA:201,0
DA:202,0
DA:203,0
DA:216,0
DA:217,0
DA:219,0
DA:220,0
DA:232,0
DA:233,0
DA:234,0
DA:237,0
DA:238,0
DA:248,0
DA:249,0
DA:250,0
DA:254,0
DA:255,0
DA:258,0
DA:259,0
DA:260,0
DA:264,0
DA:265,0
DA:267,0
DA:277,0
DA:278,0
DA:279,0
DA:283,0
DA:284,0
DA:285,0
DA:289,0
DA:290,0
DA:291,0
DA:295,0
DA:298,0
DA:299,0
DA:313,0
DA:316,0
DA:317,0
DA:320,0
DA:321,0
DA:324,0
DA:325,0
DA:329,0
DA:332,0
DA:333,0
DA:336,0
DA:337,0
DA:340,0
DA:341,0
DA:342,0
DA:343,0
DA:344,0
DA:354,0
DA:355,0
DA:356,0
DA:359,0
DA:360,0
DA:372,0
DA:401,0
DA:411,0
DA:419,0
DA:420,0
DA:422,0
DA:424,0
DA:425,0
DA:427,0
DA:428,0
DA:431,0
DA:432,0
DA:435,0
DA:436,0
DA:437,0
DA:438,0
DA:449,0
DA:451,0
DA:452,0
DA:453,0
DA:457,0
DA:458,0
DA:459,0
DA:462,0
DA:463,0
DA:464,0
DA:469,0
LF:134
LH:0
BRDA:53,0,0,0
BRDA:53,0,1,0
BRDA:59,1,0,0
BRDA:59,1,1,0
BRDA:120,2,0,0
BRDA:120,2,1,0
BRDA:132,3,0,0
BRDA:132,3,1,0
BRDA:152,4,0,0
BRDA:152,4,1,0
BRDA:167,5,0,0
BRDA:167,5,1,0
BRDA:173,6,0,0
BRDA:173,6,1,0
BRDA:179,7,0,0
BRDA:179,7,1,0
BRDA:184,8,0,0
BRDA:184,8,1,0
BRDA:217,9,0,0
BRDA:217,9,1,0
BRDA:233,10,0,0
BRDA:233,10,1,0
BRDA:249,11,0,0
BRDA:249,11,1,0
BRDA:259,12,0,0
BRDA:259,12,1,0
BRDA:278,13,0,0
BRDA:278,13,1,0
BRDA:284,14,0,0
BRDA:284,14,1,0
BRDA:290,15,0,0
BRDA:290,15,1,0
BRDA:312,16,0,0
BRDA:312,17,0,0
BRDA:316,18,0,0
BRDA:316,18,1,0
BRDA:320,19,0,0
BRDA:320,19,1,0
BRDA:324,20,0,0
BRDA:324,20,1,0
BRDA:332,21,0,0
BRDA:332,21,1,0
BRDA:336,22,0,0
BRDA:336,22,1,0
BRDA:355,23,0,0
BRDA:355,23,1,0
BRDA:401,24,0,0
BRDA:401,24,1,0
BRDA:411,25,0,0
BRDA:411,25,1,0
BRDA:427,26,0,0
BRDA:427,26,1,0
BRDA:431,27,0,0
BRDA:431,27,1,0
BRDA:436,28,0,0
BRDA:436,28,1,0
BRDA:452,29,0,0
BRDA:452,29,1,0
BRDA:458,30,0,0
BRDA:458,30,1,0
BRDA:463,31,0,0
BRDA:463,31,1,0
BRDA:463,32,0,0
BRDA:463,32,1,0
BRF:64
BRH:0
end_of_record
TN:
SF:src/services/refreshTokenService.js
FN:14,(anonymous_0)
FN:20,(anonymous_1)
FN:28,(anonymous_2)
FN:69,(anonymous_3)
FN:157,(anonymous_4)
FN:181,(anonymous_5)
FN:205,(anonymous_6)
FN:233,(anonymous_7)
FN:256,(anonymous_8)
FN:276,(anonymous_9)
FN:286,(anonymous_10)
FN:323,(anonymous_11)
FN:359,(anonymous_12)
FN:392,(anonymous_13)
FN:426,(anonymous_14)
FN:433,(anonymous_15)
FN:448,(anonymous_16)
FN:454,(anonymous_17)
FN:468,(anonymous_18)
FN:490,(anonymous_19)
FN:499,(anonymous_20)
FN:508,(anonymous_21)
FN:528,(anonymous_22)
FN:538,(anonymous_23)
FN:567,(anonymous_24)
FN:579,(anonymous_25)
FNF:26
FNH:0
FNDA:0,(anonymous_0)
FNDA:0,(anonymous_1)
FNDA:0,(anonymous_2)
FNDA:0,(anonymous_3)
FNDA:0,(anonymous_4)
FNDA:0,(anonymous_5)
FNDA:0,(anonymous_6)
FNDA:0,(anonymous_7)
FNDA:0,(anonymous_8)
FNDA:0,(anonymous_9)
FNDA:0,(anonymous_10)
FNDA:0,(anonymous_11)
FNDA:0,(anonymous_12)
FNDA:0,(anonymous_13)
FNDA:0,(anonymous_14)
FNDA:0,(anonymous_15)
FNDA:0,(anonymous_16)
FNDA:0,(anonymous_17)
FNDA:0,(anonymous_18)
FNDA:0,(anonymous_19)
FNDA:0,(anonymous_20)
FNDA:0,(anonymous_21)
FNDA:0,(anonymous_22)
FNDA:0,(anonymous_23)
FNDA:0,(anonymous_24)
FNDA:0,(anonymous_25)
DA:7,0
DA:8,0
DA:9,0
DA:10,0
DA:11,0
DA:15,0
DA:16,0
DA:17,0
DA:20,0
DA:29,0
DA:31,0
DA:34,0
DA:37,0
DA:40,0
DA:43,0
DA:45,0
DA:52,0
DA:59,0
DA:60,0
DA:70,0
DA:72,0
DA:73,0
DA:76,0
DA:81,0
DA:82,0
DA:86,0
DA:91,0
DA:92,0
DA:94,0
DA:98,0
DA:99,0
DA:100,0
DA:104,0
DA:108,0
DA:109,0
DA:116,0
DA:117,0
DA:121,0
DA:124,0
DA:125,0
DA:127,0
DA:128,0
DA:131,0
DA:135,0
DA:138,0
DA:140,0
DA:146,0
DA:148,0
DA:149,0
DA:158,0
DA:160,0
DA:163,0
DA:166,0
DA:168,0
DA:172,0
DA:173,0
DA:182,0
DA:184,0
DA:187,0
DA:188,0
DA:191,0
DA:196,0
DA:197,0
DA:206,0
DA:208,0
DA:211,0
DA:212,0
DA:216,0
DA:218,0
DA:223,0
DA:224,0
DA:234,0
DA:244,0
DA:257,0
DA:265,0
DA:277,0
DA:287,0
DA:288,0
DA:301,0
DA:304,0
DA:307,0
DA:308,0
DA:310,0
DA:313,0
DA:314,0
DA:324,0
DA:326,0
DA:327,0
DA:331,0
DA:332,0
DA:338,0
DA:339,0
DA:342,0
DA:343,0
DA:346,0
DA:348,0
DA:350,0
DA:351,0
DA:360,0
DA:361,0
DA:364,0
DA:369,0
DA:370,0
DA:377,0
DA:378,0
DA:379,0
DA:380,0
DA:383,0
DA:384,0
DA:393,0
DA:394,0
DA:397,0
DA:402,0
DA:403,0
DA:410,0
DA:411,0
DA:412,0
DA:413,0
DA:416,0
DA:417,0
DA:427,0
DA:428,0
DA:433,0
DA:438,0
DA:439,0
DA:449,0
DA:450,0
DA:454,0
DA:459,0
DA:460,0
DA:469,0
DA:471,0
DA:478,0
DA:480,0
DA:481,0
DA:491,0
DA:500,0
DA:509,0
DA:516,0
DA:517,0
DA:518,0
DA:521,0
DA:522,0
DA:529,0
DA:530,0
DA:533,0
DA:537,0
DA:538,0
DA:539,0
DA:542,0
DA:543,0
DA:544,0
DA:550,0
DA:551,0
DA:552,0
DA:557,0
DA:558,0
DA:561,0
DA:565,0
DA:566,0
DA:567,0
DA:571,0
DA:580,0
DA:581,0
DA:587,0
DA:592,0
DA:596,0
DA:605,0
DA:606,0
DA:619,0
DA:621,0
LF:171
LH:0
BRDA:72,0,0,0
BRDA:72,0,1,0
BRDA:91,1,0,0
BRDA:91,1,1,0
BRDA:99,2,0,0
BRDA:99,2,1,0
BRDA:108,3,0,0
BRDA:108,3,1,0
BRDA:127,4,0,0
BRDA:127,4,1,0
BRDA:127,5,0,0
BRDA:127,5,1,0
BRDA:307,6,0,0
BRDA:307,6,1,0
BRDA:326,7,0,0
BRDA:326,7,1,0
BRDA:338,8,0,0
BRDA:338,8,1,0
BRDA:369,9,0,0
BRDA:369,9,1,0
BRDA:377,10,0,0
BRDA:377,10,1,0
BRDA:402,11,0,0
BRDA:402,11,1,0
BRDA:410,12,0,0
BRDA:410,12,1,0
BRDA:517,13,0,0
BRDA:517,13,1,0
BRDA:542,14,0,0
BRDA:542,14,1,0
BRDA:551,15,0,0
BRDA:551,15,1,0
BRDA:565,16,0,0
BRDA:565,16,1,0
BRF:34
BRH:0
end_of_record
TN:
SF:src/services/tokenBlacklist.js
FN:10,(anonymous_0)
FN:27,(anonymous_1)
FN:73,(anonymous_2)
FN:131,(anonymous_3)
FN:172,(anonymous_4)
FN:195,(anonymous_5)
FN:207,(anonymous_6)
FN:238,(anonymous_7)
FN:253,(anonymous_8)
FN:256,(anonymous_9)
FN:271,(anonymous_10)
FN:272,(anonymous_11)
FN:286,(anonymous_12)
FN:295,(anonymous_13)
FN:304,(anonymous_14)
FNF:15
FNH:0
FNDA:0,(anonymous_0)
FNDA:0,(anonymous_1)
FNDA:0,(anonymous_2)
FNDA:0,(anonymous_3)
FNDA:0,(anonymous_4)
FNDA:0,(anonymous_5)
FNDA:0,(anonymous_6)
FNDA:0,(anonymous_7)
FNDA:0,(anonymous_8)
FNDA:0,(anonymous_9)
FNDA:0,(anonymous_10)
FNDA:0,(anonymous_11)
FNDA:0,(anonymous_12)
FNDA:0,(anonymous_13)
FNDA:0,(anonymous_14)
DA:6,0
DA:7,0
DA:11,0
DA:12,0
DA:13,0
DA:14,0
DA:17,0
DA:28,0
DA:29,0
DA:30,0
DA:41,0
DA:44,0
DA:47,0
DA:48,0
DA:51,0
DA:59,0
DA:64,0
DA:74,0
DA:75,0
DA:78,0
DA:79,0
DA:82,0
DA:83,0
DA:84,0
DA:87,0
DA:91,0
DA:96,0
DA:98,0
DA:99,0
DA:102,0
DA:104,0
DA:110,0
DA:113,0
DA:116,0
DA:122,0
DA:132,0
DA:134,0
DA:143,0
DA:146,0
DA:147,0
DA:148,0
DA:152,0
DA:158,0
DA:163,0
DA:173,0
DA:174,0
DA:180,0
DA:181,0
DA:184,0
DA:188,0
DA:196,0
DA:197,0
DA:200,0
DA:203,0
DA:204,0
DA:205,0
DA:207,0
DA:208,0
DA:209,0
DA:212,0
DA:213,0
DA:217,0
DA:218,0
DA:219,0
DA:223,0
DA:224,0
DA:231,0
DA:239,0
DA:240,0
DA:243,0
DA:244,0
DA:245,0
DA:246,0
DA:251,0
DA:252,0
DA:253,0
DA:255,0
DA:256,0
DA:257,0
DA:258,0
DA:262,0
DA:272,0
DA:273,0
DA:276,0
DA:287,0
DA:288,0
DA:296,0
DA:297,0
DA:298,0
DA:300,0
DA:301,0
DA:302,0
DA:304,0
DA:305,0
DA:306,0
DA:308,0
DA:309,0
DA:311,0
DA:314,0
DA:317,0
DA:326,0
DA:327,0
DA:338,0
LF:103
LH:0
BRDA:27,0,0,0
BRDA:33,1,0,0
BRDA:33,1,1,0
BRDA:47,2,0,0
BRDA:47,2,1,0
BRDA:78,3,0,0
BRDA:78,3,1,0
BRDA:82,4,0,0
BRDA:82,4,1,0
BRDA:98,5,0,0
BRDA:98,5,1,0
BRDA:131,6,0,0
BRDA:147,7,0,0
BRDA:147,7,1,0
BRDA:212,8,0,0
BRDA:212,8,1,0
BRDA:218,9,0,0
BRDA:218,9,1,0
BRDA:223,10,0,0
BRDA:223,10,1,0
BRDA:244,11,0,0
BRDA:244,11,1,0
BRDA:251,12,0,0
BRDA:251,12,1,0
BRDA:308,13,0,0
BRDA:308,13,1,0
BRDA:314,14,0,0
BRDA:314,14,1,0
BRF:28
BRH:0
end_of_record
TN:
SF:src/services/twilioService.js
FN:12,(anonymous_0)
FN:24,(anonymous_1)
FN:74,(anonymous_2)
FN:117,(anonymous_3)
FN:176,(anonymous_4)
FN:200,(anonymous_5)
FN:226,(anonymous_6)
FN:243,(anonymous_7)
FN:256,(anonymous_8)
FN:282,(anonymous_9)
FN:293,(anonymous_10)
FNF:11
FNH:0
FNDA:0,(anonymous_0)
FNDA:0,(anonymous_1)
FNDA:0,(anonymous_2)
FNDA:0,(anonymous_3)
FNDA:0,(anonymous_4)
FNDA:0,(anonymous_5)
FNDA:0,(anonymous_6)
FNDA:0,(anonymous_7)
FNDA:0,(anonymous_8)
FNDA:0,(anonymous_9)
FNDA:0,(anonymous_10)
DA:7,0
DA:8,0
DA:9,0
DA:13,0
DA:14,0
DA:25,0
DA:27,0
DA:29,0
DA:36,0
DA:37,0
DA:41,0
DA:43,0
DA:49,0
DA:62,0
DA:63,0
DA:75,0
DA:76,0
DA:78,0
DA:84,0
DA:85,0
DA:88,0
DA:90,0
DA:96,0
DA:107,0
DA:108,0
DA:128,0
DA:131,0
DA:134,0
DA:135,0
DA:137,0
DA:151,0
DA:152,0
DA:153,0
DA:154,0
DA:156,0
DA:157,0
DA:166,0
DA:177,0
DA:178,0
DA:179,0
DA:182,0
DA:183,0
DA:190,0
DA:191,0
DA:201,0
DA:202,0
DA:204,0
DA:216,0
DA:217,0
DA:228,0
DA:231,0
DA:232,0
DA:235,0
DA:244,0
DA:245,0
DA:246,0
DA:247,0
DA:248,0
DA:257,0
DA:258,0
DA:266,0
DA:267,0
DA:270,0
DA:272,0
DA:273,0
DA:283,0
DA:284,0
DA:286,0
DA:287,0
DA:288,0
DA:289,0
DA:291,0
DA:293,0
DA:306,0
DA:307,0
DA:312,0
LF:76
LH:0
BRDA:24,0,0,0
BRDA:36,1,0,0
BRDA:36,1,1,0
BRDA:74,2,0,0
BRDA:84,3,0,0
BRDA:84,3,1,0
BRDA:131,4,0,0
BRDA:131,4,1,0
BRDA:141,5,0,0
BRDA:141,5,1,0
BRDA:143,6,0,0
BRDA:143,6,1,0
BRDA:144,7,0,0
BRDA:144,7,1,0
BRDA:151,8,0,0
BRDA:151,8,1,0
BRDA:156,9,0,0
BRDA:156,9,1,0
BRDA:177,10,0,0
BRDA:177,10,1,0
BRDA:231,11,0,0
BRDA:231,11,1,0
BRDA:231,12,0,0
BRDA:231,12,1,0
BRDA:244,13,0,0
BRDA:244,13,1,0
BRDA:245,14,0,0
BRDA:245,14,1,0
BRDA:246,15,0,0
BRDA:246,15,1,0
BRDA:247,16,0,0
BRDA:247,16,1,0
BRDA:266,17,0,0
BRDA:266,17,1,0
BRDA:282,18,0,0
BRDA:286,19,0,0
BRDA:286,19,1,0
BRDA:287,20,0,0
BRDA:287,20,1,0
BRDA:288,21,0,0
BRDA:288,21,1,0
BRDA:289,22,0,0
BRDA:289,22,1,0
BRF:43
BRH:0
end_of_record
TN:
SF:src/utils/envValidation.js
FN:14,validateEnvironment
FN:197,validateCustomRules
FN:237,(anonymous_2)
FN:244,validateExternalServices
FN:304,showConfigSummary
FNF:5
FNH:0
FNDA:0,validateEnvironment
FNDA:0,validateCustomRules
FNDA:0,(anonymous_2)
FNDA:0,validateExternalServices
FNDA:0,showConfigSummary
DA:7,0
DA:8,0
DA:15,0
DA:16,0
DA:161,0
DA:163,0
DA:173,0
DA:176,0
DA:177,0
DA:178,0
DA:179,0
DA:180,0
DA:181,0
DA:182,0
DA:183,0
DA:184,0
DA:185,0
DA:186,0
DA:187,0
DA:188,0
DA:190,0
DA:198,0
DA:201,0
DA:203,0
DA:207,0
DA:208,0
DA:212,0
DA:213,0
DA:217,0
DA:218,0
DA:222,0
DA:223,0
DA:227,0
DA:228,0
DA:232,0
DA:233,0
DA:236,0
DA:237,0
DA:245,0
DA:251,0
DA:253,0
DA:254,0
DA:255,0
DA:256,0
DA:266,0
DA:267,0
DA:268,0
DA:270,0
DA:272,0
DA:273,0
DA:277,0
DA:278,0
DA:279,0
DA:282,0
DA:283,0
DA:285,0
DA:287,0
DA:288,0
DA:291,0
DA:293,0
DA:296,0
DA:297,0
DA:305,0
DA:306,0
DA:307,0
DA:308,0
DA:309,0
DA:310,0
DA:311,0
DA:312,0
DA:313,0
DA:315,0
DA:316,0
DA:317,0
DA:318,0
DA:319,0
DA:322,0
DA:325,0
LF:78
LH:0
BRDA:201,0,0,0
BRDA:201,0,1,0
BRDA:201,1,0,0
BRDA:201,1,1,0
BRDA:207,2,0,0
BRDA:207,2,1,0
BRDA:212,3,0,0
BRDA:212,3,1,0
BRDA:212,4,0,0
BRDA:212,4,1,0
BRDA:217,5,0,0
BRDA:217,5,1,0
BRDA:222,6,0,0
BRDA:222,6,1,0
BRDA:227,7,0,0
BRDA:227,7,1,0
BRDA:232,8,0,0
BRDA:232,8,1,0
BRDA:236,9,0,0
BRDA:236,9,1,0
BRDA:255,10,0,0
BRDA:255,10,1,0
BRDA:291,11,0,0
BRDA:291,11,1,0
BRDA:315,12,0,0
BRDA:315,12,1,0
BRF:26
BRH:0
end_of_record
TN:
SF:src/utils/logger.js
FN:51,(anonymous_0)
FN:58,(anonymous_1)
FN:62,(anonymous_2)
FN:74,(anonymous_3)
FN:78,(anonymous_4)
FN:83,(anonymous_5)
FN:92,(anonymous_6)
FN:103,(anonymous_7)
FN:113,(anonymous_8)
FNF:9
FNH:0
FNDA:0,(anonymous_0)
FNDA:0,(anonymous_1)
FNDA:0,(anonymous_2)
FNDA:0,(anonymous_3)
FNDA:0,(anonymous_4)
FNDA:0,(anonymous_5)
FNDA:0,(anonymous_6)
FNDA:0,(anonymous_7)
FNDA:0,(anonymous_8)
DA:7,1
DA:8,1
DA:11,1
DA:19,1
DA:40,1
DA:41,1
DA:50,1
DA:52,0
DA:57,1
DA:59,0
DA:63,0
DA:64,0
DA:70,0
DA:75,0
DA:79,0
DA:84,0
DA:93,0
DA:104,0
DA:114,0
DA:124,1
LF:20
LH:9
BRDA:40,0,0,1
BRDA:40,0,1,0
BRDA:58,1,0,0
BRDA:62,2,0,0
BRDA:62,3,0,0
BRDA:63,4,0,0
BRDA:63,4,1,0
BRDA:74,5,0,0
BRDA:78,6,0,0
BRDA:83,7,0,0
BRDA:92,8,0,0
BRDA:103,9,0,0
BRDA:113,10,0,0
BRF:13
BRH:1
end_of_record
